2015-12-21 23:35:17.311 INFO  [org.springframework.web.servlet.DispatcherServlet] FrameworkServlet 'dispatcherServlet': initialization started
2015-12-21 23:35:17.326 INFO  [org.springframework.web.context.support.XmlWebApplicationContext] Refreshing WebApplicationContext for namespace 'dispatcherServlet-servlet': startup date [Mon Dec 21 23:35:17 CST 2015]; root of context hierarchy
2015-12-21 23:35:17.348 INFO  [org.springframework.beans.factory.xml.XmlBeanDefinitionReader] Loading XML bean definitions from URL [file:/F:/workspace_gzy/iscas-project/OnceCloud_reconstruction@2015/OnceCloud/oncecloud-web-user/target/classes/com/oncecloud/config/application-context.xml]
2015-12-21 23:35:18.001 INFO  [org.springframework.beans.factory.support.DefaultListableBeanFactory] Overriding bean definition for bean 'mvcContentNegotiationManager': replacing [Root bean: class [org.springframework.web.accept.ContentNegotiationManagerFactoryBean]; scope=; abstract=false; lazyInit=false; autowireMode=0; dependencyCheck=0; autowireCandidate=true; primary=false; factoryBeanName=null; factoryMethodName=null; initMethodName=null; destroyMethodName=null] with [Root bean: class [null]; scope=; abstract=false; lazyInit=false; autowireMode=3; dependencyCheck=0; autowireCandidate=true; primary=false; factoryBeanName=org.springframework.web.servlet.config.annotation.DelegatingWebMvcConfiguration; factoryMethodName=mvcContentNegotiationManager; initMethodName=null; destroyMethodName=(inferred); defined in class path resource [org/springframework/web/servlet/config/annotation/DelegatingWebMvcConfiguration.class]]
2015-12-21 23:35:18.002 INFO  [org.springframework.beans.factory.support.DefaultListableBeanFactory] Overriding bean definition for bean 'mvcResourceUrlProvider': replacing [Root bean: class [org.springframework.web.servlet.resource.ResourceUrlProvider]; scope=; abstract=false; lazyInit=false; autowireMode=0; dependencyCheck=0; autowireCandidate=true; primary=false; factoryBeanName=null; factoryMethodName=null; initMethodName=null; destroyMethodName=null] with [Root bean: class [null]; scope=; abstract=false; lazyInit=false; autowireMode=3; dependencyCheck=0; autowireCandidate=true; primary=false; factoryBeanName=org.springframework.web.servlet.config.annotation.DelegatingWebMvcConfiguration; factoryMethodName=mvcResourceUrlProvider; initMethodName=null; destroyMethodName=(inferred); defined in class path resource [org/springframework/web/servlet/config/annotation/DelegatingWebMvcConfiguration.class]]
2015-12-21 23:35:18.003 INFO  [org.springframework.beans.factory.support.DefaultListableBeanFactory] Overriding bean definition for bean 'mvcPathMatcher': replacing [Root bean: class [org.springframework.util.AntPathMatcher]; scope=; abstract=false; lazyInit=false; autowireMode=0; dependencyCheck=0; autowireCandidate=true; primary=false; factoryBeanName=null; factoryMethodName=null; initMethodName=null; destroyMethodName=null] with [Root bean: class [null]; scope=; abstract=false; lazyInit=false; autowireMode=3; dependencyCheck=0; autowireCandidate=true; primary=false; factoryBeanName=org.springframework.web.servlet.config.annotation.DelegatingWebMvcConfiguration; factoryMethodName=mvcPathMatcher; initMethodName=null; destroyMethodName=(inferred); defined in class path resource [org/springframework/web/servlet/config/annotation/DelegatingWebMvcConfiguration.class]]
2015-12-21 23:35:18.004 INFO  [org.springframework.beans.factory.support.DefaultListableBeanFactory] Overriding bean definition for bean 'mvcUrlPathHelper': replacing [Root bean: class [org.springframework.web.util.UrlPathHelper]; scope=; abstract=false; lazyInit=false; autowireMode=0; dependencyCheck=0; autowireCandidate=true; primary=false; factoryBeanName=null; factoryMethodName=null; initMethodName=null; destroyMethodName=null] with [Root bean: class [null]; scope=; abstract=false; lazyInit=false; autowireMode=3; dependencyCheck=0; autowireCandidate=true; primary=false; factoryBeanName=org.springframework.web.servlet.config.annotation.DelegatingWebMvcConfiguration; factoryMethodName=mvcUrlPathHelper; initMethodName=null; destroyMethodName=(inferred); defined in class path resource [org/springframework/web/servlet/config/annotation/DelegatingWebMvcConfiguration.class]]
2015-12-21 23:35:18.005 INFO  [org.springframework.context.annotation.ConfigurationClassBeanDefinitionReader] Skipping bean definition for [BeanMethod:name=mvcUriComponentsContributor,declaringClass=org.springframework.web.servlet.config.annotation.WebMvcConfigurationSupport]: a definition for bean 'mvcUriComponentsContributor' already exists. This top-level bean definition is considered as an override.
2015-12-21 23:35:18.006 INFO  [org.springframework.beans.factory.support.DefaultListableBeanFactory] Overriding bean definition for bean 'handshakeHandler': replacing [Root bean: class [null]; scope=; abstract=false; lazyInit=false; autowireMode=3; dependencyCheck=0; autowireCandidate=true; primary=false; factoryBeanName=messageConfig; factoryMethodName=handshakeHandler; initMethodName=null; destroyMethodName=(inferred); defined in com.oncecloud.message.MessageConfig] with [Root bean: class [null]; scope=; abstract=false; lazyInit=false; autowireMode=3; dependencyCheck=0; autowireCandidate=true; primary=false; factoryBeanName=upDockerMessageConfig; factoryMethodName=handshakeHandler; initMethodName=null; destroyMethodName=(inferred); defined in com.oncecloud.message.UpDockerMessageConfig]
2015-12-21 23:35:18.007 INFO  [org.springframework.beans.factory.support.DefaultListableBeanFactory] Overriding bean definition for bean 'handshakeHandler': replacing [Root bean: class [null]; scope=; abstract=false; lazyInit=false; autowireMode=3; dependencyCheck=0; autowireCandidate=true; primary=false; factoryBeanName=upDockerMessageConfig; factoryMethodName=handshakeHandler; initMethodName=null; destroyMethodName=(inferred); defined in com.oncecloud.message.UpDockerMessageConfig] with [Root bean: class [null]; scope=; abstract=false; lazyInit=false; autowireMode=3; dependencyCheck=0; autowireCandidate=true; primary=false; factoryBeanName=upISOMessageConfig; factoryMethodName=handshakeHandler; initMethodName=null; destroyMethodName=(inferred); defined in com.oncecloud.message.UpISOMessageConfig]
2015-12-21 23:35:18.007 INFO  [org.springframework.beans.factory.support.DefaultListableBeanFactory] Overriding bean definition for bean 'handshakeHandler': replacing [Root bean: class [null]; scope=; abstract=false; lazyInit=false; autowireMode=3; dependencyCheck=0; autowireCandidate=true; primary=false; factoryBeanName=upISOMessageConfig; factoryMethodName=handshakeHandler; initMethodName=null; destroyMethodName=(inferred); defined in com.oncecloud.message.UpISOMessageConfig] with [Root bean: class [null]; scope=; abstract=false; lazyInit=false; autowireMode=3; dependencyCheck=0; autowireCandidate=true; primary=false; factoryBeanName=upXenMessageConfig; factoryMethodName=handshakeHandler; initMethodName=null; destroyMethodName=(inferred); defined in com.oncecloud.message.UpXenMessageConfig]
2015-12-21 23:35:18.139 INFO  [org.springframework.beans.factory.annotation.AutowiredAnnotationBeanPostProcessor] JSR-330 'javax.inject.Inject' annotation found and supported for autowiring
2015-12-21 23:35:18.364 INFO  [org.hibernate.annotations.common.Version] HCANN000001: Hibernate Commons Annotations {4.0.5.Final}
2015-12-21 23:35:18.371 INFO  [org.hibernate.Version] HHH000412: Hibernate Core {4.3.6.Final}
2015-12-21 23:35:18.373 INFO  [org.hibernate.cfg.Environment] HHH000206: hibernate.properties not found
2015-12-21 23:35:18.375 INFO  [org.hibernate.cfg.Environment] HHH000021: Bytecode provider name : javassist
2015-12-21 23:35:18.397 INFO  [org.hibernate.cfg.Configuration] HHH000043: Configuring from resource: com/oncecloud/config/hibernate-main.cfg.xml
2015-12-21 23:35:18.398 INFO  [org.hibernate.cfg.Configuration] HHH000040: Configuration resource: com/oncecloud/config/hibernate-main.cfg.xml
2015-12-21 23:35:18.456 INFO  [org.hibernate.cfg.Configuration] HHH000041: Configured SessionFactory: null
2015-12-21 23:35:18.533 INFO  [org.hibernate.engine.jdbc.connections.internal.ConnectionProviderInitiator] HHH000130: Instantiating explicit connection provider: org.hibernate.connection.C3P0ConnectionProvider
2015-12-21 23:35:18.544 INFO  [org.hibernate.c3p0.internal.C3P0ConnectionProvider] HHH010002: C3P0 using driver: com.mysql.jdbc.Driver at URL: jdbc:mysql://133.133.135.9:3306/beyondsphere
2015-12-21 23:35:18.545 INFO  [org.hibernate.c3p0.internal.C3P0ConnectionProvider] HHH000046: Connection properties: {user=root, password=****, characterEncoding=UTF-8}
2015-12-21 23:35:18.545 INFO  [org.hibernate.c3p0.internal.C3P0ConnectionProvider] HHH000006: Autocommit mode: false
2015-12-21 23:35:18.551 WARN  [org.hibernate.c3p0.internal.C3P0ConnectionProvider] HHH010001: Both hibernate-style property 'hibernate.c3p0.timeout' and c3p0-style property 'c3p0.maxIdleTime' have been set in Hibernate properties.  Hibernate-style property 'hibernate.c3p0.timeout' will be used and c3p0-style property 'c3p0.maxIdleTime' will be ignored!
2015-12-21 23:35:18.552 WARN  [org.hibernate.c3p0.internal.C3P0ConnectionProvider] HHH010001: Both hibernate-style property 'hibernate.c3p0.timeout' and c3p0-style property 'hibernate.c3p0.maxIdleTime' have been set in Hibernate properties.  Hibernate-style property 'hibernate.c3p0.timeout' will be used and c3p0-style property 'hibernate.c3p0.maxIdleTime' will be ignored!
2015-12-21 23:35:18.563 INFO  [com.mchange.v2.log.MLog] MLog clients using log4j logging.
2015-12-21 23:35:19.077 INFO  [com.mchange.v2.c3p0.C3P0Registry] Initializing c3p0-0.9.2.1 [built 20-March-2013 10:47:27 +0000; debug? true; trace: 10]
2015-12-21 23:35:19.144 INFO  [com.mchange.v2.c3p0.impl.AbstractPoolBackedDataSource] Initializing c3p0 pool... com.mchange.v2.c3p0.PoolBackedDataSource@5e1d9b92 [ connectionPoolDataSource -> com.mchange.v2.c3p0.WrapperConnectionPoolDataSource@c842da40 [ acquireIncrement -> 2, acquireRetryAttempts -> 30, acquireRetryDelay -> 1000, autoCommitOnClose -> false, automaticTestTable -> null, breakAfterAcquireFailure -> false, checkoutTimeout -> 0, connectionCustomizerClassName -> null, connectionTesterClassName -> com.mchange.v2.c3p0.impl.DefaultConnectionTester, debugUnreturnedConnectionStackTraces -> false, factoryClassLocation -> null, forceIgnoreUnresolvedTransactions -> false, identityToken -> 1b60bhz9d1ipkx185za03e|49639118, idleConnectionTestPeriod -> 120, initialPoolSize -> 6, maxAdministrativeTaskTime -> 0, maxConnectionAge -> 0, maxIdleTime -> 120, maxIdleTimeExcessConnections -> 0, maxPoolSize -> 30, maxStatements -> 100, maxStatementsPerConnection -> 0, minPoolSize -> 6, nestedDataSource -> com.mchange.v2.c3p0.DriverManagerDataSource@efff7f80 [ description -> null, driverClass -> null, factoryClassLocation -> null, identityToken -> 1b60bhz9d1ipkx185za03e|5b1420f9, jdbcUrl -> jdbc:mysql://133.133.135.9:3306/beyondsphere, properties -> {user=******, password=******, characterEncoding=UTF-8} ], preferredTestQuery -> null, propertyCycle -> 0, statementCacheNumDeferredCloseThreads -> 0, testConnectionOnCheckin -> false, testConnectionOnCheckout -> false, unreturnedConnectionTimeout -> 0, usesTraditionalReflectiveProxies -> false; userOverrides: {} ], dataSourceName -> null, factoryClassLocation -> null, identityToken -> 1b60bhz9d1ipkx185za03e|758d4aa9, numHelperThreads -> 3 ]
2015-12-21 23:35:19.448 INFO  [org.hibernate.dialect.Dialect] HHH000400: Using dialect: org.hibernate.dialect.MySQLInnoDBDialect
2015-12-21 23:35:19.457 INFO  [org.hibernate.engine.jdbc.internal.LobCreatorBuilder] HHH000424: Disabling contextual LOB creation as createClob() method threw error : java.lang.reflect.InvocationTargetException
2015-12-21 23:35:19.646 INFO  [org.hibernate.engine.transaction.internal.TransactionFactoryInitiator] HHH000399: Using default transaction strategy (direct JDBC transactions)
2015-12-21 23:35:19.651 INFO  [org.hibernate.hql.internal.ast.ASTQueryTranslatorFactory] HHH000397: Using ASTQueryTranslatorFactory
2015-12-21 23:35:20.075 INFO  [org.hibernate.cfg.Configuration] HHH000043: Configuring from resource: com/oncecloud/config/hibernate-performance.cfg.xml
2015-12-21 23:35:20.075 INFO  [org.hibernate.cfg.Configuration] HHH000040: Configuration resource: com/oncecloud/config/hibernate-performance.cfg.xml
2015-12-21 23:35:20.080 INFO  [org.hibernate.cfg.Configuration] HHH000221: Reading mappings from resource: com/oncecloud/config/performance/cpu.hbm.xml
2015-12-21 23:35:20.085 WARN  [org.hibernate.internal.util.xml.DTDEntityResolver] HHH000223: Recognized obsolete hibernate namespace http://hibernate.sourceforge.net/. Use namespace http://www.hibernate.org/dtd/ instead. Refer to Hibernate 3.6 Migration Guide!
2015-12-21 23:35:20.096 INFO  [org.hibernate.cfg.Configuration] HHH000221: Reading mappings from resource: com/oncecloud/config/performance/mem.hbm.xml
2015-12-21 23:35:20.099 WARN  [org.hibernate.internal.util.xml.DTDEntityResolver] HHH000223: Recognized obsolete hibernate namespace http://hibernate.sourceforge.net/. Use namespace http://www.hibernate.org/dtd/ instead. Refer to Hibernate 3.6 Migration Guide!
2015-12-21 23:35:20.109 INFO  [org.hibernate.cfg.Configuration] HHH000221: Reading mappings from resource: com/oncecloud/config/performance/pif.hbm.xml
2015-12-21 23:35:20.112 WARN  [org.hibernate.internal.util.xml.DTDEntityResolver] HHH000223: Recognized obsolete hibernate namespace http://hibernate.sourceforge.net/. Use namespace http://www.hibernate.org/dtd/ instead. Refer to Hibernate 3.6 Migration Guide!
2015-12-21 23:35:20.119 INFO  [org.hibernate.cfg.Configuration] HHH000221: Reading mappings from resource: com/oncecloud/config/performance/vbd.hbm.xml
2015-12-21 23:35:20.123 WARN  [org.hibernate.internal.util.xml.DTDEntityResolver] HHH000223: Recognized obsolete hibernate namespace http://hibernate.sourceforge.net/. Use namespace http://www.hibernate.org/dtd/ instead. Refer to Hibernate 3.6 Migration Guide!
2015-12-21 23:35:20.136 INFO  [org.hibernate.cfg.Configuration] HHH000221: Reading mappings from resource: com/oncecloud/config/performance/vif.hbm.xml
2015-12-21 23:35:20.141 WARN  [org.hibernate.internal.util.xml.DTDEntityResolver] HHH000223: Recognized obsolete hibernate namespace http://hibernate.sourceforge.net/. Use namespace http://www.hibernate.org/dtd/ instead. Refer to Hibernate 3.6 Migration Guide!
2015-12-21 23:35:20.146 INFO  [org.hibernate.cfg.Configuration] HHH000221: Reading mappings from resource: com/oncecloud/config/performance/cpu6h.hbm.xml
2015-12-21 23:35:20.149 WARN  [org.hibernate.internal.util.xml.DTDEntityResolver] HHH000223: Recognized obsolete hibernate namespace http://hibernate.sourceforge.net/. Use namespace http://www.hibernate.org/dtd/ instead. Refer to Hibernate 3.6 Migration Guide!
2015-12-21 23:35:20.154 INFO  [org.hibernate.cfg.Configuration] HHH000221: Reading mappings from resource: com/oncecloud/config/performance/cpu1d.hbm.xml
2015-12-21 23:35:20.156 WARN  [org.hibernate.internal.util.xml.DTDEntityResolver] HHH000223: Recognized obsolete hibernate namespace http://hibernate.sourceforge.net/. Use namespace http://www.hibernate.org/dtd/ instead. Refer to Hibernate 3.6 Migration Guide!
2015-12-21 23:35:20.161 INFO  [org.hibernate.cfg.Configuration] HHH000221: Reading mappings from resource: com/oncecloud/config/performance/cpu2w.hbm.xml
2015-12-21 23:35:20.164 WARN  [org.hibernate.internal.util.xml.DTDEntityResolver] HHH000223: Recognized obsolete hibernate namespace http://hibernate.sourceforge.net/. Use namespace http://www.hibernate.org/dtd/ instead. Refer to Hibernate 3.6 Migration Guide!
2015-12-21 23:35:20.170 INFO  [org.hibernate.cfg.Configuration] HHH000221: Reading mappings from resource: com/oncecloud/config/performance/cpu1m.hbm.xml
2015-12-21 23:35:20.173 WARN  [org.hibernate.internal.util.xml.DTDEntityResolver] HHH000223: Recognized obsolete hibernate namespace http://hibernate.sourceforge.net/. Use namespace http://www.hibernate.org/dtd/ instead. Refer to Hibernate 3.6 Migration Guide!
2015-12-21 23:35:20.177 INFO  [org.hibernate.cfg.Configuration] HHH000221: Reading mappings from resource: com/oncecloud/config/performance/mem6h.hbm.xml
2015-12-21 23:35:20.180 WARN  [org.hibernate.internal.util.xml.DTDEntityResolver] HHH000223: Recognized obsolete hibernate namespace http://hibernate.sourceforge.net/. Use namespace http://www.hibernate.org/dtd/ instead. Refer to Hibernate 3.6 Migration Guide!
2015-12-21 23:35:20.190 INFO  [org.hibernate.cfg.Configuration] HHH000221: Reading mappings from resource: com/oncecloud/config/performance/mem1d.hbm.xml
2015-12-21 23:35:20.193 WARN  [org.hibernate.internal.util.xml.DTDEntityResolver] HHH000223: Recognized obsolete hibernate namespace http://hibernate.sourceforge.net/. Use namespace http://www.hibernate.org/dtd/ instead. Refer to Hibernate 3.6 Migration Guide!
2015-12-21 23:35:20.197 INFO  [org.hibernate.cfg.Configuration] HHH000221: Reading mappings from resource: com/oncecloud/config/performance/mem2w.hbm.xml
2015-12-21 23:35:20.200 WARN  [org.hibernate.internal.util.xml.DTDEntityResolver] HHH000223: Recognized obsolete hibernate namespace http://hibernate.sourceforge.net/. Use namespace http://www.hibernate.org/dtd/ instead. Refer to Hibernate 3.6 Migration Guide!
2015-12-21 23:35:20.206 INFO  [org.hibernate.cfg.Configuration] HHH000221: Reading mappings from resource: com/oncecloud/config/performance/mem1m.hbm.xml
2015-12-21 23:35:20.209 WARN  [org.hibernate.internal.util.xml.DTDEntityResolver] HHH000223: Recognized obsolete hibernate namespace http://hibernate.sourceforge.net/. Use namespace http://www.hibernate.org/dtd/ instead. Refer to Hibernate 3.6 Migration Guide!
2015-12-21 23:35:20.214 INFO  [org.hibernate.cfg.Configuration] HHH000221: Reading mappings from resource: com/oncecloud/config/performance/vbd6h.hbm.xml
2015-12-21 23:35:20.217 WARN  [org.hibernate.internal.util.xml.DTDEntityResolver] HHH000223: Recognized obsolete hibernate namespace http://hibernate.sourceforge.net/. Use namespace http://www.hibernate.org/dtd/ instead. Refer to Hibernate 3.6 Migration Guide!
2015-12-21 23:35:20.221 INFO  [org.hibernate.cfg.Configuration] HHH000221: Reading mappings from resource: com/oncecloud/config/performance/vbd1d.hbm.xml
2015-12-21 23:35:20.223 WARN  [org.hibernate.internal.util.xml.DTDEntityResolver] HHH000223: Recognized obsolete hibernate namespace http://hibernate.sourceforge.net/. Use namespace http://www.hibernate.org/dtd/ instead. Refer to Hibernate 3.6 Migration Guide!
2015-12-21 23:35:20.234 INFO  [org.hibernate.cfg.Configuration] HHH000221: Reading mappings from resource: com/oncecloud/config/performance/vbd2w.hbm.xml
2015-12-21 23:35:20.241 WARN  [org.hibernate.internal.util.xml.DTDEntityResolver] HHH000223: Recognized obsolete hibernate namespace http://hibernate.sourceforge.net/. Use namespace http://www.hibernate.org/dtd/ instead. Refer to Hibernate 3.6 Migration Guide!
2015-12-21 23:35:20.256 INFO  [org.hibernate.cfg.Configuration] HHH000221: Reading mappings from resource: com/oncecloud/config/performance/vbd1m.hbm.xml
2015-12-21 23:35:20.267 WARN  [org.hibernate.internal.util.xml.DTDEntityResolver] HHH000223: Recognized obsolete hibernate namespace http://hibernate.sourceforge.net/. Use namespace http://www.hibernate.org/dtd/ instead. Refer to Hibernate 3.6 Migration Guide!
2015-12-21 23:35:20.278 INFO  [org.hibernate.cfg.Configuration] HHH000221: Reading mappings from resource: com/oncecloud/config/performance/vif6h.hbm.xml
2015-12-21 23:35:20.284 WARN  [org.hibernate.internal.util.xml.DTDEntityResolver] HHH000223: Recognized obsolete hibernate namespace http://hibernate.sourceforge.net/. Use namespace http://www.hibernate.org/dtd/ instead. Refer to Hibernate 3.6 Migration Guide!
2015-12-21 23:35:20.288 INFO  [org.hibernate.cfg.Configuration] HHH000221: Reading mappings from resource: com/oncecloud/config/performance/vif1d.hbm.xml
2015-12-21 23:35:20.291 WARN  [org.hibernate.internal.util.xml.DTDEntityResolver] HHH000223: Recognized obsolete hibernate namespace http://hibernate.sourceforge.net/. Use namespace http://www.hibernate.org/dtd/ instead. Refer to Hibernate 3.6 Migration Guide!
2015-12-21 23:35:20.294 INFO  [org.hibernate.cfg.Configuration] HHH000221: Reading mappings from resource: com/oncecloud/config/performance/vif2w.hbm.xml
2015-12-21 23:35:20.297 WARN  [org.hibernate.internal.util.xml.DTDEntityResolver] HHH000223: Recognized obsolete hibernate namespace http://hibernate.sourceforge.net/. Use namespace http://www.hibernate.org/dtd/ instead. Refer to Hibernate 3.6 Migration Guide!
2015-12-21 23:35:20.301 INFO  [org.hibernate.cfg.Configuration] HHH000221: Reading mappings from resource: com/oncecloud/config/performance/vif1m.hbm.xml
2015-12-21 23:35:20.303 WARN  [org.hibernate.internal.util.xml.DTDEntityResolver] HHH000223: Recognized obsolete hibernate namespace http://hibernate.sourceforge.net/. Use namespace http://www.hibernate.org/dtd/ instead. Refer to Hibernate 3.6 Migration Guide!
2015-12-21 23:35:20.308 INFO  [org.hibernate.cfg.Configuration] HHH000221: Reading mappings from resource: com/oncecloud/config/performance/pif6h.hbm.xml
2015-12-21 23:35:20.311 WARN  [org.hibernate.internal.util.xml.DTDEntityResolver] HHH000223: Recognized obsolete hibernate namespace http://hibernate.sourceforge.net/. Use namespace http://www.hibernate.org/dtd/ instead. Refer to Hibernate 3.6 Migration Guide!
2015-12-21 23:35:20.314 INFO  [org.hibernate.cfg.Configuration] HHH000221: Reading mappings from resource: com/oncecloud/config/performance/pif1d.hbm.xml
2015-12-21 23:35:20.317 WARN  [org.hibernate.internal.util.xml.DTDEntityResolver] HHH000223: Recognized obsolete hibernate namespace http://hibernate.sourceforge.net/. Use namespace http://www.hibernate.org/dtd/ instead. Refer to Hibernate 3.6 Migration Guide!
2015-12-21 23:35:20.323 INFO  [org.hibernate.cfg.Configuration] HHH000221: Reading mappings from resource: com/oncecloud/config/performance/pif2w.hbm.xml
2015-12-21 23:35:20.326 WARN  [org.hibernate.internal.util.xml.DTDEntityResolver] HHH000223: Recognized obsolete hibernate namespace http://hibernate.sourceforge.net/. Use namespace http://www.hibernate.org/dtd/ instead. Refer to Hibernate 3.6 Migration Guide!
2015-12-21 23:35:20.330 INFO  [org.hibernate.cfg.Configuration] HHH000221: Reading mappings from resource: com/oncecloud/config/performance/pif1m.hbm.xml
2015-12-21 23:35:20.333 WARN  [org.hibernate.internal.util.xml.DTDEntityResolver] HHH000223: Recognized obsolete hibernate namespace http://hibernate.sourceforge.net/. Use namespace http://www.hibernate.org/dtd/ instead. Refer to Hibernate 3.6 Migration Guide!
2015-12-21 23:35:20.336 INFO  [org.hibernate.cfg.Configuration] HHH000041: Configured SessionFactory: null
2015-12-21 23:35:20.340 INFO  [org.hibernate.engine.jdbc.connections.internal.ConnectionProviderInitiator] HHH000130: Instantiating explicit connection provider: org.hibernate.connection.C3P0ConnectionProvider
2015-12-21 23:35:20.341 INFO  [org.hibernate.c3p0.internal.C3P0ConnectionProvider] HHH010002: C3P0 using driver: com.mysql.jdbc.Driver at URL: jdbc:mysql://133.133.135.9:3306/bsperformance
2015-12-21 23:35:20.341 INFO  [org.hibernate.c3p0.internal.C3P0ConnectionProvider] HHH000046: Connection properties: {user=root, password=****, characterEncoding=utf-8}
2015-12-21 23:35:20.341 INFO  [org.hibernate.c3p0.internal.C3P0ConnectionProvider] HHH000006: Autocommit mode: false
2015-12-21 23:35:20.342 WARN  [org.hibernate.c3p0.internal.C3P0ConnectionProvider] HHH010001: Both hibernate-style property 'hibernate.c3p0.timeout' and c3p0-style property 'c3p0.maxIdleTime' have been set in Hibernate properties.  Hibernate-style property 'hibernate.c3p0.timeout' will be used and c3p0-style property 'c3p0.maxIdleTime' will be ignored!
2015-12-21 23:35:20.342 WARN  [org.hibernate.c3p0.internal.C3P0ConnectionProvider] HHH010001: Both hibernate-style property 'hibernate.c3p0.timeout' and c3p0-style property 'hibernate.c3p0.maxIdleTime' have been set in Hibernate properties.  Hibernate-style property 'hibernate.c3p0.timeout' will be used and c3p0-style property 'hibernate.c3p0.maxIdleTime' will be ignored!
2015-12-21 23:35:20.393 INFO  [com.mchange.v2.c3p0.impl.AbstractPoolBackedDataSource] Initializing c3p0 pool... com.mchange.v2.c3p0.PoolBackedDataSource@33b8f95d [ connectionPoolDataSource -> com.mchange.v2.c3p0.WrapperConnectionPoolDataSource@570204ab [ acquireIncrement -> 2, acquireRetryAttempts -> 30, acquireRetryDelay -> 1000, autoCommitOnClose -> false, automaticTestTable -> null, breakAfterAcquireFailure -> false, checkoutTimeout -> 0, connectionCustomizerClassName -> null, connectionTesterClassName -> com.mchange.v2.c3p0.impl.DefaultConnectionTester, debugUnreturnedConnectionStackTraces -> false, factoryClassLocation -> null, forceIgnoreUnresolvedTransactions -> false, identityToken -> 1b60bhz9d1ipkx185za03e|1c36ab22, idleConnectionTestPeriod -> 120, initialPoolSize -> 6, maxAdministrativeTaskTime -> 0, maxConnectionAge -> 0, maxIdleTime -> 120, maxIdleTimeExcessConnections -> 0, maxPoolSize -> 30, maxStatements -> 100, maxStatementsPerConnection -> 0, minPoolSize -> 6, nestedDataSource -> com.mchange.v2.c3p0.DriverManagerDataSource@16f8d543 [ description -> null, driverClass -> null, factoryClassLocation -> null, identityToken -> 1b60bhz9d1ipkx185za03e|17ea3bc0, jdbcUrl -> jdbc:mysql://133.133.135.9:3306/bsperformance, properties -> {user=******, password=******, characterEncoding=utf-8} ], preferredTestQuery -> null, propertyCycle -> 0, statementCacheNumDeferredCloseThreads -> 0, testConnectionOnCheckin -> false, testConnectionOnCheckout -> false, unreturnedConnectionTimeout -> 0, usesTraditionalReflectiveProxies -> false; userOverrides: {} ], dataSourceName -> null, factoryClassLocation -> null, identityToken -> 1b60bhz9d1ipkx185za03e|2ec23ec3, numHelperThreads -> 3 ]
2015-12-21 23:35:20.441 INFO  [org.hibernate.dialect.Dialect] HHH000400: Using dialect: org.hibernate.dialect.MySQLInnoDBDialect
2015-12-21 23:35:20.442 INFO  [org.hibernate.engine.jdbc.internal.LobCreatorBuilder] HHH000424: Disabling contextual LOB creation as createClob() method threw error : java.lang.reflect.InvocationTargetException
2015-12-21 23:35:20.479 WARN  [org.hibernate.mapping.RootClass] HHH000038: Composite-id class does not override equals(): com.oncecloud.entity.performance.Vif1m
2015-12-21 23:35:20.479 WARN  [org.hibernate.mapping.RootClass] HHH000039: Composite-id class does not override hashCode(): com.oncecloud.entity.performance.Vif1m
2015-12-21 23:35:20.480 WARN  [org.hibernate.mapping.RootClass] HHH000038: Composite-id class does not override equals(): com.oncecloud.entity.performance.Vbd6h
2015-12-21 23:35:20.481 WARN  [org.hibernate.mapping.RootClass] HHH000039: Composite-id class does not override hashCode(): com.oncecloud.entity.performance.Vbd6h
2015-12-21 23:35:20.482 WARN  [org.hibernate.mapping.RootClass] HHH000038: Composite-id class does not override equals(): com.oncecloud.entity.performance.Pif30min
2015-12-21 23:35:20.482 WARN  [org.hibernate.mapping.RootClass] HHH000039: Composite-id class does not override hashCode(): com.oncecloud.entity.performance.Pif30min
2015-12-21 23:35:20.484 WARN  [org.hibernate.mapping.RootClass] HHH000038: Composite-id class does not override equals(): com.oncecloud.entity.performance.Memory2w
2015-12-21 23:35:20.486 WARN  [org.hibernate.mapping.RootClass] HHH000039: Composite-id class does not override hashCode(): com.oncecloud.entity.performance.Memory2w
2015-12-21 23:35:20.487 WARN  [org.hibernate.mapping.RootClass] HHH000038: Composite-id class does not override equals(): com.oncecloud.entity.performance.Pif1d
2015-12-21 23:35:20.487 WARN  [org.hibernate.mapping.RootClass] HHH000039: Composite-id class does not override hashCode(): com.oncecloud.entity.performance.Pif1d
2015-12-21 23:35:20.490 WARN  [org.hibernate.mapping.RootClass] HHH000038: Composite-id class does not override equals(): com.oncecloud.entity.performance.Vif1d
2015-12-21 23:35:20.490 WARN  [org.hibernate.mapping.RootClass] HHH000039: Composite-id class does not override hashCode(): com.oncecloud.entity.performance.Vif1d
2015-12-21 23:35:20.492 WARN  [org.hibernate.mapping.RootClass] HHH000038: Composite-id class does not override equals(): com.oncecloud.entity.performance.Pif2w
2015-12-21 23:35:20.495 WARN  [org.hibernate.mapping.RootClass] HHH000039: Composite-id class does not override hashCode(): com.oncecloud.entity.performance.Pif2w
2015-12-21 23:35:20.497 WARN  [org.hibernate.mapping.RootClass] HHH000038: Composite-id class does not override equals(): com.oncecloud.entity.performance.Cpu30min
2015-12-21 23:35:20.497 WARN  [org.hibernate.mapping.RootClass] HHH000039: Composite-id class does not override hashCode(): com.oncecloud.entity.performance.Cpu30min
2015-12-21 23:35:20.502 WARN  [org.hibernate.mapping.RootClass] HHH000038: Composite-id class does not override equals(): com.oncecloud.entity.performance.Cpu2w
2015-12-21 23:35:20.503 WARN  [org.hibernate.mapping.RootClass] HHH000039: Composite-id class does not override hashCode(): com.oncecloud.entity.performance.Cpu2w
2015-12-21 23:35:20.506 WARN  [org.hibernate.mapping.RootClass] HHH000038: Composite-id class does not override equals(): com.oncecloud.entity.performance.Memory1m
2015-12-21 23:35:20.507 WARN  [org.hibernate.mapping.RootClass] HHH000039: Composite-id class does not override hashCode(): com.oncecloud.entity.performance.Memory1m
2015-12-21 23:35:20.522 WARN  [org.hibernate.mapping.RootClass] HHH000038: Composite-id class does not override equals(): com.oncecloud.entity.performance.Vbd2w
2015-12-21 23:35:20.522 WARN  [org.hibernate.mapping.RootClass] HHH000039: Composite-id class does not override hashCode(): com.oncecloud.entity.performance.Vbd2w
2015-12-21 23:35:20.523 WARN  [org.hibernate.mapping.RootClass] HHH000038: Composite-id class does not override equals(): com.oncecloud.entity.performance.Vif30min
2015-12-21 23:35:20.523 WARN  [org.hibernate.mapping.RootClass] HHH000039: Composite-id class does not override hashCode(): com.oncecloud.entity.performance.Vif30min
2015-12-21 23:35:20.524 WARN  [org.hibernate.mapping.RootClass] HHH000038: Composite-id class does not override equals(): com.oncecloud.entity.performance.Memory1d
2015-12-21 23:35:20.526 WARN  [org.hibernate.mapping.RootClass] HHH000039: Composite-id class does not override hashCode(): com.oncecloud.entity.performance.Memory1d
2015-12-21 23:35:20.528 WARN  [org.hibernate.mapping.RootClass] HHH000038: Composite-id class does not override equals(): com.oncecloud.entity.performance.Cpu1d
2015-12-21 23:35:20.528 WARN  [org.hibernate.mapping.RootClass] HHH000039: Composite-id class does not override hashCode(): com.oncecloud.entity.performance.Cpu1d
2015-12-21 23:35:20.529 WARN  [org.hibernate.mapping.RootClass] HHH000038: Composite-id class does not override equals(): com.oncecloud.entity.performance.Vbd30min
2015-12-21 23:35:20.530 WARN  [org.hibernate.mapping.RootClass] HHH000039: Composite-id class does not override hashCode(): com.oncecloud.entity.performance.Vbd30min
2015-12-21 23:35:20.531 WARN  [org.hibernate.mapping.RootClass] HHH000038: Composite-id class does not override equals(): com.oncecloud.entity.performance.Vbd1d
2015-12-21 23:35:20.531 WARN  [org.hibernate.mapping.RootClass] HHH000039: Composite-id class does not override hashCode(): com.oncecloud.entity.performance.Vbd1d
2015-12-21 23:35:20.532 WARN  [org.hibernate.mapping.RootClass] HHH000038: Composite-id class does not override equals(): com.oncecloud.entity.performance.Pif6h
2015-12-21 23:35:20.532 WARN  [org.hibernate.mapping.RootClass] HHH000039: Composite-id class does not override hashCode(): com.oncecloud.entity.performance.Pif6h
2015-12-21 23:35:20.538 WARN  [org.hibernate.mapping.RootClass] HHH000038: Composite-id class does not override equals(): com.oncecloud.entity.performance.Cpu1m
2015-12-21 23:35:20.538 WARN  [org.hibernate.mapping.RootClass] HHH000039: Composite-id class does not override hashCode(): com.oncecloud.entity.performance.Cpu1m
2015-12-21 23:35:20.539 WARN  [org.hibernate.mapping.RootClass] HHH000038: Composite-id class does not override equals(): com.oncecloud.entity.performance.Vif6h
2015-12-21 23:35:20.540 WARN  [org.hibernate.mapping.RootClass] HHH000039: Composite-id class does not override hashCode(): com.oncecloud.entity.performance.Vif6h
2015-12-21 23:35:20.541 WARN  [org.hibernate.mapping.RootClass] HHH000038: Composite-id class does not override equals(): com.oncecloud.entity.performance.Memory30min
2015-12-21 23:35:20.541 WARN  [org.hibernate.mapping.RootClass] HHH000039: Composite-id class does not override hashCode(): com.oncecloud.entity.performance.Memory30min
2015-12-21 23:35:20.542 WARN  [org.hibernate.mapping.RootClass] HHH000038: Composite-id class does not override equals(): com.oncecloud.entity.performance.Vbd1m
2015-12-21 23:35:20.542 WARN  [org.hibernate.mapping.RootClass] HHH000039: Composite-id class does not override hashCode(): com.oncecloud.entity.performance.Vbd1m
2015-12-21 23:35:20.543 WARN  [org.hibernate.mapping.RootClass] HHH000038: Composite-id class does not override equals(): com.oncecloud.entity.performance.Memory6h
2015-12-21 23:35:20.543 WARN  [org.hibernate.mapping.RootClass] HHH000039: Composite-id class does not override hashCode(): com.oncecloud.entity.performance.Memory6h
2015-12-21 23:35:20.544 WARN  [org.hibernate.mapping.RootClass] HHH000038: Composite-id class does not override equals(): com.oncecloud.entity.performance.Vif2w
2015-12-21 23:35:20.545 WARN  [org.hibernate.mapping.RootClass] HHH000039: Composite-id class does not override hashCode(): com.oncecloud.entity.performance.Vif2w
2015-12-21 23:35:20.546 WARN  [org.hibernate.mapping.RootClass] HHH000038: Composite-id class does not override equals(): com.oncecloud.entity.performance.Cpu6h
2015-12-21 23:35:20.546 WARN  [org.hibernate.mapping.RootClass] HHH000039: Composite-id class does not override hashCode(): com.oncecloud.entity.performance.Cpu6h
2015-12-21 23:35:20.547 WARN  [org.hibernate.mapping.RootClass] HHH000038: Composite-id class does not override equals(): com.oncecloud.entity.performance.Pif1m
2015-12-21 23:35:20.547 WARN  [org.hibernate.mapping.RootClass] HHH000039: Composite-id class does not override hashCode(): com.oncecloud.entity.performance.Pif1m
2015-12-21 23:35:20.553 INFO  [org.hibernate.engine.transaction.internal.TransactionFactoryInitiator] HHH000399: Using default transaction strategy (direct JDBC transactions)
2015-12-21 23:35:20.554 INFO  [org.hibernate.hql.internal.ast.ASTQueryTranslatorFactory] HHH000397: Using ASTQueryTranslatorFactory
2015-12-21 23:35:20.637 INFO  [org.hibernate.tool.hbm2ddl.SchemaUpdate] HHH000228: Running hbm2ddl schema update
2015-12-21 23:35:20.637 INFO  [org.hibernate.tool.hbm2ddl.SchemaUpdate] HHH000102: Fetching database metadata
2015-12-21 23:35:20.643 INFO  [org.hibernate.tool.hbm2ddl.SchemaUpdate] HHH000396: Updating schema
2015-12-21 23:35:20.660 INFO  [org.hibernate.tool.hbm2ddl.TableMetadata] HHH000261: Table found: bsperformance.cpu_1d
2015-12-21 23:35:20.660 INFO  [org.hibernate.tool.hbm2ddl.TableMetadata] HHH000037: Columns: [cpu_id, t, usage, id]
2015-12-21 23:35:20.661 INFO  [org.hibernate.tool.hbm2ddl.TableMetadata] HHH000108: Foreign keys: []
2015-12-21 23:35:20.661 INFO  [org.hibernate.tool.hbm2ddl.TableMetadata] HHH000126: Indexes: [primary]
2015-12-21 23:35:20.669 INFO  [org.hibernate.tool.hbm2ddl.TableMetadata] HHH000261: Table found: bsperformance.cpu_1m
2015-12-21 23:35:20.670 INFO  [org.hibernate.tool.hbm2ddl.TableMetadata] HHH000037: Columns: [cpu_id, t, usage, id]
2015-12-21 23:35:20.670 INFO  [org.hibernate.tool.hbm2ddl.TableMetadata] HHH000108: Foreign keys: []
2015-12-21 23:35:20.670 INFO  [org.hibernate.tool.hbm2ddl.TableMetadata] HHH000126: Indexes: [primary]
2015-12-21 23:35:20.682 INFO  [org.hibernate.tool.hbm2ddl.TableMetadata] HHH000261: Table found: bsperformance.cpu_2w
2015-12-21 23:35:20.683 INFO  [org.hibernate.tool.hbm2ddl.TableMetadata] HHH000037: Columns: [cpu_id, t, usage, id]
2015-12-21 23:35:20.683 INFO  [org.hibernate.tool.hbm2ddl.TableMetadata] HHH000108: Foreign keys: []
2015-12-21 23:35:20.683 INFO  [org.hibernate.tool.hbm2ddl.TableMetadata] HHH000126: Indexes: [primary]
2015-12-21 23:35:20.694 INFO  [org.hibernate.tool.hbm2ddl.TableMetadata] HHH000261: Table found: bsperformance.cpu_30min
2015-12-21 23:35:20.695 INFO  [org.hibernate.tool.hbm2ddl.TableMetadata] HHH000037: Columns: [cpu_id, t, usage, id]
2015-12-21 23:35:20.695 INFO  [org.hibernate.tool.hbm2ddl.TableMetadata] HHH000108: Foreign keys: []
2015-12-21 23:35:20.695 INFO  [org.hibernate.tool.hbm2ddl.TableMetadata] HHH000126: Indexes: [primary]
2015-12-21 23:35:20.703 INFO  [org.hibernate.tool.hbm2ddl.TableMetadata] HHH000261: Table found: bsperformance.cpu_6h
2015-12-21 23:35:20.703 INFO  [org.hibernate.tool.hbm2ddl.TableMetadata] HHH000037: Columns: [cpu_id, t, usage, id]
2015-12-21 23:35:20.704 INFO  [org.hibernate.tool.hbm2ddl.TableMetadata] HHH000108: Foreign keys: []
2015-12-21 23:35:20.704 INFO  [org.hibernate.tool.hbm2ddl.TableMetadata] HHH000126: Indexes: [primary]
2015-12-21 23:35:20.711 INFO  [org.hibernate.tool.hbm2ddl.TableMetadata] HHH000261: Table found: bsperformance.mem_1d
2015-12-21 23:35:20.712 INFO  [org.hibernate.tool.hbm2ddl.TableMetadata] HHH000037: Columns: [total, t, id, free]
2015-12-21 23:35:20.712 INFO  [org.hibernate.tool.hbm2ddl.TableMetadata] HHH000108: Foreign keys: []
2015-12-21 23:35:20.712 INFO  [org.hibernate.tool.hbm2ddl.TableMetadata] HHH000126: Indexes: [primary]
2015-12-21 23:35:20.719 INFO  [org.hibernate.tool.hbm2ddl.TableMetadata] HHH000261: Table found: bsperformance.mem_1m
2015-12-21 23:35:20.720 INFO  [org.hibernate.tool.hbm2ddl.TableMetadata] HHH000037: Columns: [total, t, id, free]
2015-12-21 23:35:20.720 INFO  [org.hibernate.tool.hbm2ddl.TableMetadata] HHH000108: Foreign keys: []
2015-12-21 23:35:20.720 INFO  [org.hibernate.tool.hbm2ddl.TableMetadata] HHH000126: Indexes: [primary]
2015-12-21 23:35:20.726 INFO  [org.hibernate.tool.hbm2ddl.TableMetadata] HHH000261: Table found: bsperformance.mem_2w
2015-12-21 23:35:20.727 INFO  [org.hibernate.tool.hbm2ddl.TableMetadata] HHH000037: Columns: [total, t, id, free]
2015-12-21 23:35:20.727 INFO  [org.hibernate.tool.hbm2ddl.TableMetadata] HHH000108: Foreign keys: []
2015-12-21 23:35:20.727 INFO  [org.hibernate.tool.hbm2ddl.TableMetadata] HHH000126: Indexes: [primary]
2015-12-21 23:35:20.734 INFO  [org.hibernate.tool.hbm2ddl.TableMetadata] HHH000261: Table found: bsperformance.mem_30min
2015-12-21 23:35:20.734 INFO  [org.hibernate.tool.hbm2ddl.TableMetadata] HHH000037: Columns: [total, t, id, free]
2015-12-21 23:35:20.734 INFO  [org.hibernate.tool.hbm2ddl.TableMetadata] HHH000108: Foreign keys: []
2015-12-21 23:35:20.734 INFO  [org.hibernate.tool.hbm2ddl.TableMetadata] HHH000126: Indexes: [primary]
2015-12-21 23:35:20.740 INFO  [org.hibernate.tool.hbm2ddl.TableMetadata] HHH000261: Table found: bsperformance.mem_6h
2015-12-21 23:35:20.741 INFO  [org.hibernate.tool.hbm2ddl.TableMetadata] HHH000037: Columns: [total, t, id, free]
2015-12-21 23:35:20.741 INFO  [org.hibernate.tool.hbm2ddl.TableMetadata] HHH000108: Foreign keys: []
2015-12-21 23:35:20.741 INFO  [org.hibernate.tool.hbm2ddl.TableMetadata] HHH000126: Indexes: [primary]
2015-12-21 23:35:20.748 INFO  [org.hibernate.tool.hbm2ddl.TableMetadata] HHH000261: Table found: bsperformance.pif_1d
2015-12-21 23:35:20.749 INFO  [org.hibernate.tool.hbm2ddl.TableMetadata] HHH000037: Columns: [txd, t, id, pif_id, rxd]
2015-12-21 23:35:20.749 INFO  [org.hibernate.tool.hbm2ddl.TableMetadata] HHH000108: Foreign keys: []
2015-12-21 23:35:20.749 INFO  [org.hibernate.tool.hbm2ddl.TableMetadata] HHH000126: Indexes: [primary]
2015-12-21 23:35:20.756 INFO  [org.hibernate.tool.hbm2ddl.TableMetadata] HHH000261: Table found: bsperformance.pif_1m
2015-12-21 23:35:20.756 INFO  [org.hibernate.tool.hbm2ddl.TableMetadata] HHH000037: Columns: [txd, t, id, pif_id, rxd]
2015-12-21 23:35:20.757 INFO  [org.hibernate.tool.hbm2ddl.TableMetadata] HHH000108: Foreign keys: []
2015-12-21 23:35:20.757 INFO  [org.hibernate.tool.hbm2ddl.TableMetadata] HHH000126: Indexes: [primary]
2015-12-21 23:35:20.763 INFO  [org.hibernate.tool.hbm2ddl.TableMetadata] HHH000261: Table found: bsperformance.pif_2w
2015-12-21 23:35:20.764 INFO  [org.hibernate.tool.hbm2ddl.TableMetadata] HHH000037: Columns: [txd, t, id, pif_id, rxd]
2015-12-21 23:35:20.764 INFO  [org.hibernate.tool.hbm2ddl.TableMetadata] HHH000108: Foreign keys: []
2015-12-21 23:35:20.764 INFO  [org.hibernate.tool.hbm2ddl.TableMetadata] HHH000126: Indexes: [primary]
2015-12-21 23:35:20.770 INFO  [org.hibernate.tool.hbm2ddl.TableMetadata] HHH000261: Table found: bsperformance.pif_30min
2015-12-21 23:35:20.771 INFO  [org.hibernate.tool.hbm2ddl.TableMetadata] HHH000037: Columns: [txd, t, id, pif_id, rxd]
2015-12-21 23:35:20.771 INFO  [org.hibernate.tool.hbm2ddl.TableMetadata] HHH000108: Foreign keys: []
2015-12-21 23:35:20.771 INFO  [org.hibernate.tool.hbm2ddl.TableMetadata] HHH000126: Indexes: [primary]
2015-12-21 23:35:20.777 INFO  [org.hibernate.tool.hbm2ddl.TableMetadata] HHH000261: Table found: bsperformance.pif_6h
2015-12-21 23:35:20.778 INFO  [org.hibernate.tool.hbm2ddl.TableMetadata] HHH000037: Columns: [txd, t, id, pif_id, rxd]
2015-12-21 23:35:20.778 INFO  [org.hibernate.tool.hbm2ddl.TableMetadata] HHH000108: Foreign keys: []
2015-12-21 23:35:20.778 INFO  [org.hibernate.tool.hbm2ddl.TableMetadata] HHH000126: Indexes: [primary]
2015-12-21 23:35:20.785 INFO  [org.hibernate.tool.hbm2ddl.TableMetadata] HHH000261: Table found: bsperformance.vbd_1d
2015-12-21 23:35:20.785 INFO  [org.hibernate.tool.hbm2ddl.TableMetadata] HHH000037: Columns: [read, t, id, vbd_id, write]
2015-12-21 23:35:20.786 INFO  [org.hibernate.tool.hbm2ddl.TableMetadata] HHH000108: Foreign keys: []
2015-12-21 23:35:20.786 INFO  [org.hibernate.tool.hbm2ddl.TableMetadata] HHH000126: Indexes: [primary]
2015-12-21 23:35:20.802 INFO  [org.hibernate.tool.hbm2ddl.TableMetadata] HHH000261: Table found: bsperformance.vbd_1m
2015-12-21 23:35:20.803 INFO  [org.hibernate.tool.hbm2ddl.TableMetadata] HHH000037: Columns: [read, t, id, vbd_id, write]
2015-12-21 23:35:20.803 INFO  [org.hibernate.tool.hbm2ddl.TableMetadata] HHH000108: Foreign keys: []
2015-12-21 23:35:20.803 INFO  [org.hibernate.tool.hbm2ddl.TableMetadata] HHH000126: Indexes: [primary]
2015-12-21 23:35:20.811 INFO  [org.hibernate.tool.hbm2ddl.TableMetadata] HHH000261: Table found: bsperformance.vbd_2w
2015-12-21 23:35:20.811 INFO  [org.hibernate.tool.hbm2ddl.TableMetadata] HHH000037: Columns: [read, t, id, vbd_id, write]
2015-12-21 23:35:20.811 INFO  [org.hibernate.tool.hbm2ddl.TableMetadata] HHH000108: Foreign keys: []
2015-12-21 23:35:20.812 INFO  [org.hibernate.tool.hbm2ddl.TableMetadata] HHH000126: Indexes: [primary]
2015-12-21 23:35:20.817 INFO  [org.hibernate.tool.hbm2ddl.TableMetadata] HHH000261: Table found: bsperformance.vbd_30min
2015-12-21 23:35:20.818 INFO  [org.hibernate.tool.hbm2ddl.TableMetadata] HHH000037: Columns: [read, t, id, vbd_id, write]
2015-12-21 23:35:20.818 INFO  [org.hibernate.tool.hbm2ddl.TableMetadata] HHH000108: Foreign keys: []
2015-12-21 23:35:20.818 INFO  [org.hibernate.tool.hbm2ddl.TableMetadata] HHH000126: Indexes: [primary]
2015-12-21 23:35:20.825 INFO  [org.hibernate.tool.hbm2ddl.TableMetadata] HHH000261: Table found: bsperformance.vbd_6h
2015-12-21 23:35:20.825 INFO  [org.hibernate.tool.hbm2ddl.TableMetadata] HHH000037: Columns: [read, t, id, vbd_id, write]
2015-12-21 23:35:20.826 INFO  [org.hibernate.tool.hbm2ddl.TableMetadata] HHH000108: Foreign keys: []
2015-12-21 23:35:20.826 INFO  [org.hibernate.tool.hbm2ddl.TableMetadata] HHH000126: Indexes: [primary]
2015-12-21 23:35:20.832 INFO  [org.hibernate.tool.hbm2ddl.TableMetadata] HHH000261: Table found: bsperformance.vif_1d
2015-12-21 23:35:20.832 INFO  [org.hibernate.tool.hbm2ddl.TableMetadata] HHH000037: Columns: [txd, t, vif_id, id, rxd]
2015-12-21 23:35:20.833 INFO  [org.hibernate.tool.hbm2ddl.TableMetadata] HHH000108: Foreign keys: []
2015-12-21 23:35:20.833 INFO  [org.hibernate.tool.hbm2ddl.TableMetadata] HHH000126: Indexes: [primary]
2015-12-21 23:35:20.838 INFO  [org.hibernate.tool.hbm2ddl.TableMetadata] HHH000261: Table found: bsperformance.vif_1m
2015-12-21 23:35:20.839 INFO  [org.hibernate.tool.hbm2ddl.TableMetadata] HHH000037: Columns: [txd, t, vif_id, id, rxd]
2015-12-21 23:35:20.839 INFO  [org.hibernate.tool.hbm2ddl.TableMetadata] HHH000108: Foreign keys: []
2015-12-21 23:35:20.839 INFO  [org.hibernate.tool.hbm2ddl.TableMetadata] HHH000126: Indexes: [primary]
2015-12-21 23:35:20.845 INFO  [org.hibernate.tool.hbm2ddl.TableMetadata] HHH000261: Table found: bsperformance.vif_2w
2015-12-21 23:35:20.845 INFO  [org.hibernate.tool.hbm2ddl.TableMetadata] HHH000037: Columns: [txd, t, vif_id, id, rxd]
2015-12-21 23:35:20.845 INFO  [org.hibernate.tool.hbm2ddl.TableMetadata] HHH000108: Foreign keys: []
2015-12-21 23:35:20.845 INFO  [org.hibernate.tool.hbm2ddl.TableMetadata] HHH000126: Indexes: [primary]
2015-12-21 23:35:20.851 INFO  [org.hibernate.tool.hbm2ddl.TableMetadata] HHH000261: Table found: bsperformance.vif_30min
2015-12-21 23:35:20.851 INFO  [org.hibernate.tool.hbm2ddl.TableMetadata] HHH000037: Columns: [txd, t, vif_id, id, rxd]
2015-12-21 23:35:20.852 INFO  [org.hibernate.tool.hbm2ddl.TableMetadata] HHH000108: Foreign keys: []
2015-12-21 23:35:20.852 INFO  [org.hibernate.tool.hbm2ddl.TableMetadata] HHH000126: Indexes: [primary]
2015-12-21 23:35:20.857 INFO  [org.hibernate.tool.hbm2ddl.TableMetadata] HHH000261: Table found: bsperformance.vif_6h
2015-12-21 23:35:20.857 INFO  [org.hibernate.tool.hbm2ddl.TableMetadata] HHH000037: Columns: [txd, t, vif_id, id, rxd]
2015-12-21 23:35:20.858 INFO  [org.hibernate.tool.hbm2ddl.TableMetadata] HHH000108: Foreign keys: []
2015-12-21 23:35:20.858 INFO  [org.hibernate.tool.hbm2ddl.TableMetadata] HHH000126: Indexes: [primary]
2015-12-21 23:35:20.858 INFO  [org.hibernate.tool.hbm2ddl.SchemaUpdate] HHH000232: Schema update complete
2015-12-21 23:35:20.860 INFO  [org.hibernate.cfg.Configuration] HHH000043: Configuring from resource: com/oncecloud/config/hibernate-platform.cfg.xml
2015-12-21 23:35:20.860 INFO  [org.hibernate.cfg.Configuration] HHH000040: Configuration resource: com/oncecloud/config/hibernate-platform.cfg.xml
2015-12-21 23:35:20.864 INFO  [org.hibernate.cfg.Configuration] HHH000041: Configured SessionFactory: null
2015-12-21 23:35:20.867 INFO  [org.hibernate.engine.jdbc.connections.internal.ConnectionProviderInitiator] HHH000130: Instantiating explicit connection provider: org.hibernate.connection.C3P0ConnectionProvider
2015-12-21 23:35:20.867 INFO  [org.hibernate.c3p0.internal.C3P0ConnectionProvider] HHH010002: C3P0 using driver: com.mysql.jdbc.Driver at URL: jdbc:mysql://133.133.135.9:3306/platform_test
2015-12-21 23:35:20.868 INFO  [org.hibernate.c3p0.internal.C3P0ConnectionProvider] HHH000046: Connection properties: {user=root, password=****, characterEncoding=UTF-8}
2015-12-21 23:35:20.868 INFO  [org.hibernate.c3p0.internal.C3P0ConnectionProvider] HHH000006: Autocommit mode: false
2015-12-21 23:35:20.869 WARN  [org.hibernate.c3p0.internal.C3P0ConnectionProvider] HHH010001: Both hibernate-style property 'hibernate.c3p0.timeout' and c3p0-style property 'c3p0.maxIdleTime' have been set in Hibernate properties.  Hibernate-style property 'hibernate.c3p0.timeout' will be used and c3p0-style property 'c3p0.maxIdleTime' will be ignored!
2015-12-21 23:35:20.870 WARN  [org.hibernate.c3p0.internal.C3P0ConnectionProvider] HHH010001: Both hibernate-style property 'hibernate.c3p0.timeout' and c3p0-style property 'hibernate.c3p0.maxIdleTime' have been set in Hibernate properties.  Hibernate-style property 'hibernate.c3p0.timeout' will be used and c3p0-style property 'hibernate.c3p0.maxIdleTime' will be ignored!
2015-12-21 23:35:20.909 INFO  [com.mchange.v2.c3p0.impl.AbstractPoolBackedDataSource] Initializing c3p0 pool... com.mchange.v2.c3p0.PoolBackedDataSource@adb4aa7c [ connectionPoolDataSource -> com.mchange.v2.c3p0.WrapperConnectionPoolDataSource@e589fe20 [ acquireIncrement -> 2, acquireRetryAttempts -> 30, acquireRetryDelay -> 1000, autoCommitOnClose -> false, automaticTestTable -> null, breakAfterAcquireFailure -> false, checkoutTimeout -> 0, connectionCustomizerClassName -> null, connectionTesterClassName -> com.mchange.v2.c3p0.impl.DefaultConnectionTester, debugUnreturnedConnectionStackTraces -> false, factoryClassLocation -> null, forceIgnoreUnresolvedTransactions -> false, identityToken -> 1b60bhz9d1ipkx185za03e|63e648a0, idleConnectionTestPeriod -> 120, initialPoolSize -> 6, maxAdministrativeTaskTime -> 0, maxConnectionAge -> 0, maxIdleTime -> 120, maxIdleTimeExcessConnections -> 0, maxPoolSize -> 30, maxStatements -> 100, maxStatementsPerConnection -> 0, minPoolSize -> 6, nestedDataSource -> com.mchange.v2.c3p0.DriverManagerDataSource@61a2dae5 [ description -> null, driverClass -> null, factoryClassLocation -> null, identityToken -> 1b60bhz9d1ipkx185za03e|38834000, jdbcUrl -> jdbc:mysql://133.133.135.9:3306/platform_test, properties -> {user=******, password=******, characterEncoding=UTF-8} ], preferredTestQuery -> null, propertyCycle -> 0, statementCacheNumDeferredCloseThreads -> 0, testConnectionOnCheckin -> false, testConnectionOnCheckout -> false, unreturnedConnectionTimeout -> 0, usesTraditionalReflectiveProxies -> false; userOverrides: {} ], dataSourceName -> null, factoryClassLocation -> null, identityToken -> 1b60bhz9d1ipkx185za03e|48cbe1c9, numHelperThreads -> 3 ]
2015-12-21 23:35:20.927 INFO  [org.hibernate.dialect.Dialect] HHH000400: Using dialect: org.hibernate.dialect.MySQLInnoDBDialect
2015-12-21 23:35:20.928 INFO  [org.hibernate.engine.jdbc.internal.LobCreatorBuilder] HHH000424: Disabling contextual LOB creation as createClob() method threw error : java.lang.reflect.InvocationTargetException
2015-12-21 23:35:20.956 INFO  [org.hibernate.engine.transaction.internal.TransactionFactoryInitiator] HHH000399: Using default transaction strategy (direct JDBC transactions)
2015-12-21 23:35:20.956 INFO  [org.hibernate.hql.internal.ast.ASTQueryTranslatorFactory] HHH000397: Using ASTQueryTranslatorFactory
