2015-12-21 22:51:13.654 INFO  [org.springframework.web.servlet.DispatcherServlet] FrameworkServlet 'dispatcherServlet': initialization started
2015-12-21 22:51:13.672 INFO  [org.springframework.web.context.support.XmlWebApplicationContext] Refreshing WebApplicationContext for namespace 'dispatcherServlet-servlet': startup date [Mon Dec 21 22:51:13 CST 2015]; root of context hierarchy
2015-12-21 22:51:13.695 INFO  [org.springframework.beans.factory.xml.XmlBeanDefinitionReader] Loading XML bean definitions from URL [file:/F:/workspace_gzy/iscas-project/201512_Reconstruction/test_download/OnceCloud/oncecloud-web-user/target/classes/com/oncecloud/config/application-context.xml]
2015-12-21 22:51:14.344 INFO  [org.springframework.beans.factory.support.DefaultListableBeanFactory] Overriding bean definition for bean 'mvcContentNegotiationManager': replacing [Root bean: class [org.springframework.web.accept.ContentNegotiationManagerFactoryBean]; scope=; abstract=false; lazyInit=false; autowireMode=0; dependencyCheck=0; autowireCandidate=true; primary=false; factoryBeanName=null; factoryMethodName=null; initMethodName=null; destroyMethodName=null] with [Root bean: class [null]; scope=; abstract=false; lazyInit=false; autowireMode=3; dependencyCheck=0; autowireCandidate=true; primary=false; factoryBeanName=org.springframework.web.servlet.config.annotation.DelegatingWebMvcConfiguration; factoryMethodName=mvcContentNegotiationManager; initMethodName=null; destroyMethodName=(inferred); defined in class path resource [org/springframework/web/servlet/config/annotation/DelegatingWebMvcConfiguration.class]]
2015-12-21 22:51:14.345 INFO  [org.springframework.beans.factory.support.DefaultListableBeanFactory] Overriding bean definition for bean 'mvcResourceUrlProvider': replacing [Root bean: class [org.springframework.web.servlet.resource.ResourceUrlProvider]; scope=; abstract=false; lazyInit=false; autowireMode=0; dependencyCheck=0; autowireCandidate=true; primary=false; factoryBeanName=null; factoryMethodName=null; initMethodName=null; destroyMethodName=null] with [Root bean: class [null]; scope=; abstract=false; lazyInit=false; autowireMode=3; dependencyCheck=0; autowireCandidate=true; primary=false; factoryBeanName=org.springframework.web.servlet.config.annotation.DelegatingWebMvcConfiguration; factoryMethodName=mvcResourceUrlProvider; initMethodName=null; destroyMethodName=(inferred); defined in class path resource [org/springframework/web/servlet/config/annotation/DelegatingWebMvcConfiguration.class]]
2015-12-21 22:51:14.347 INFO  [org.springframework.beans.factory.support.DefaultListableBeanFactory] Overriding bean definition for bean 'mvcPathMatcher': replacing [Root bean: class [org.springframework.util.AntPathMatcher]; scope=; abstract=false; lazyInit=false; autowireMode=0; dependencyCheck=0; autowireCandidate=true; primary=false; factoryBeanName=null; factoryMethodName=null; initMethodName=null; destroyMethodName=null] with [Root bean: class [null]; scope=; abstract=false; lazyInit=false; autowireMode=3; dependencyCheck=0; autowireCandidate=true; primary=false; factoryBeanName=org.springframework.web.servlet.config.annotation.DelegatingWebMvcConfiguration; factoryMethodName=mvcPathMatcher; initMethodName=null; destroyMethodName=(inferred); defined in class path resource [org/springframework/web/servlet/config/annotation/DelegatingWebMvcConfiguration.class]]
2015-12-21 22:51:14.348 INFO  [org.springframework.beans.factory.support.DefaultListableBeanFactory] Overriding bean definition for bean 'mvcUrlPathHelper': replacing [Root bean: class [org.springframework.web.util.UrlPathHelper]; scope=; abstract=false; lazyInit=false; autowireMode=0; dependencyCheck=0; autowireCandidate=true; primary=false; factoryBeanName=null; factoryMethodName=null; initMethodName=null; destroyMethodName=null] with [Root bean: class [null]; scope=; abstract=false; lazyInit=false; autowireMode=3; dependencyCheck=0; autowireCandidate=true; primary=false; factoryBeanName=org.springframework.web.servlet.config.annotation.DelegatingWebMvcConfiguration; factoryMethodName=mvcUrlPathHelper; initMethodName=null; destroyMethodName=(inferred); defined in class path resource [org/springframework/web/servlet/config/annotation/DelegatingWebMvcConfiguration.class]]
2015-12-21 22:51:14.349 INFO  [org.springframework.context.annotation.ConfigurationClassBeanDefinitionReader] Skipping bean definition for [BeanMethod:name=mvcUriComponentsContributor,declaringClass=org.springframework.web.servlet.config.annotation.WebMvcConfigurationSupport]: a definition for bean 'mvcUriComponentsContributor' already exists. This top-level bean definition is considered as an override.
2015-12-21 22:51:14.350 INFO  [org.springframework.beans.factory.support.DefaultListableBeanFactory] Overriding bean definition for bean 'handshakeHandler': replacing [Root bean: class [null]; scope=; abstract=false; lazyInit=false; autowireMode=3; dependencyCheck=0; autowireCandidate=true; primary=false; factoryBeanName=messageConfig; factoryMethodName=handshakeHandler; initMethodName=null; destroyMethodName=(inferred); defined in com.oncecloud.message.MessageConfig] with [Root bean: class [null]; scope=; abstract=false; lazyInit=false; autowireMode=3; dependencyCheck=0; autowireCandidate=true; primary=false; factoryBeanName=upDockerMessageConfig; factoryMethodName=handshakeHandler; initMethodName=null; destroyMethodName=(inferred); defined in com.oncecloud.message.UpDockerMessageConfig]
2015-12-21 22:51:14.351 INFO  [org.springframework.beans.factory.support.DefaultListableBeanFactory] Overriding bean definition for bean 'handshakeHandler': replacing [Root bean: class [null]; scope=; abstract=false; lazyInit=false; autowireMode=3; dependencyCheck=0; autowireCandidate=true; primary=false; factoryBeanName=upDockerMessageConfig; factoryMethodName=handshakeHandler; initMethodName=null; destroyMethodName=(inferred); defined in com.oncecloud.message.UpDockerMessageConfig] with [Root bean: class [null]; scope=; abstract=false; lazyInit=false; autowireMode=3; dependencyCheck=0; autowireCandidate=true; primary=false; factoryBeanName=upISOMessageConfig; factoryMethodName=handshakeHandler; initMethodName=null; destroyMethodName=(inferred); defined in com.oncecloud.message.UpISOMessageConfig]
2015-12-21 22:51:14.352 INFO  [org.springframework.beans.factory.support.DefaultListableBeanFactory] Overriding bean definition for bean 'handshakeHandler': replacing [Root bean: class [null]; scope=; abstract=false; lazyInit=false; autowireMode=3; dependencyCheck=0; autowireCandidate=true; primary=false; factoryBeanName=upISOMessageConfig; factoryMethodName=handshakeHandler; initMethodName=null; destroyMethodName=(inferred); defined in com.oncecloud.message.UpISOMessageConfig] with [Root bean: class [null]; scope=; abstract=false; lazyInit=false; autowireMode=3; dependencyCheck=0; autowireCandidate=true; primary=false; factoryBeanName=upXenMessageConfig; factoryMethodName=handshakeHandler; initMethodName=null; destroyMethodName=(inferred); defined in com.oncecloud.message.UpXenMessageConfig]
2015-12-21 22:51:14.468 INFO  [org.springframework.beans.factory.annotation.AutowiredAnnotationBeanPostProcessor] JSR-330 'javax.inject.Inject' annotation found and supported for autowiring
2015-12-21 22:51:14.685 INFO  [org.hibernate.annotations.common.Version] HCANN000001: Hibernate Commons Annotations {4.0.5.Final}
2015-12-21 22:51:14.691 INFO  [org.hibernate.Version] HHH000412: Hibernate Core {4.3.6.Final}
2015-12-21 22:51:14.694 INFO  [org.hibernate.cfg.Environment] HHH000206: hibernate.properties not found
2015-12-21 22:51:14.695 INFO  [org.hibernate.cfg.Environment] HHH000021: Bytecode provider name : javassist
2015-12-21 22:51:14.712 INFO  [org.hibernate.cfg.Configuration] HHH000043: Configuring from resource: com/oncecloud/config/hibernate-main.cfg.xml
2015-12-21 22:51:14.713 INFO  [org.hibernate.cfg.Configuration] HHH000040: Configuration resource: com/oncecloud/config/hibernate-main.cfg.xml
2015-12-21 22:51:14.765 INFO  [org.hibernate.cfg.Configuration] HHH000041: Configured SessionFactory: null
2015-12-21 22:51:14.829 INFO  [org.hibernate.engine.jdbc.connections.internal.ConnectionProviderInitiator] HHH000130: Instantiating explicit connection provider: org.hibernate.connection.C3P0ConnectionProvider
2015-12-21 22:51:14.839 INFO  [org.hibernate.c3p0.internal.C3P0ConnectionProvider] HHH010002: C3P0 using driver: com.mysql.jdbc.Driver at URL: jdbc:mysql://133.133.135.9:3306/beyondsphere
2015-12-21 22:51:14.840 INFO  [org.hibernate.c3p0.internal.C3P0ConnectionProvider] HHH000046: Connection properties: {user=root, password=****, characterEncoding=UTF-8}
2015-12-21 22:51:14.840 INFO  [org.hibernate.c3p0.internal.C3P0ConnectionProvider] HHH000006: Autocommit mode: false
2015-12-21 22:51:14.845 WARN  [org.hibernate.c3p0.internal.C3P0ConnectionProvider] HHH010001: Both hibernate-style property 'hibernate.c3p0.timeout' and c3p0-style property 'c3p0.maxIdleTime' have been set in Hibernate properties.  Hibernate-style property 'hibernate.c3p0.timeout' will be used and c3p0-style property 'c3p0.maxIdleTime' will be ignored!
2015-12-21 22:51:14.846 WARN  [org.hibernate.c3p0.internal.C3P0ConnectionProvider] HHH010001: Both hibernate-style property 'hibernate.c3p0.timeout' and c3p0-style property 'hibernate.c3p0.maxIdleTime' have been set in Hibernate properties.  Hibernate-style property 'hibernate.c3p0.timeout' will be used and c3p0-style property 'hibernate.c3p0.maxIdleTime' will be ignored!
2015-12-21 22:51:14.854 INFO  [com.mchange.v2.log.MLog] MLog clients using log4j logging.
2015-12-21 22:51:15.221 INFO  [com.mchange.v2.c3p0.C3P0Registry] Initializing c3p0-0.9.2.1 [built 20-March-2013 10:47:27 +0000; debug? true; trace: 10]
2015-12-21 22:51:15.286 INFO  [com.mchange.v2.c3p0.impl.AbstractPoolBackedDataSource] Initializing c3p0 pool... com.mchange.v2.c3p0.PoolBackedDataSource@f4949c7f [ connectionPoolDataSource -> com.mchange.v2.c3p0.WrapperConnectionPoolDataSource@1ec41bcd [ acquireIncrement -> 2, acquireRetryAttempts -> 30, acquireRetryDelay -> 1000, autoCommitOnClose -> false, automaticTestTable -> null, breakAfterAcquireFailure -> false, checkoutTimeout -> 0, connectionCustomizerClassName -> null, connectionTesterClassName -> com.mchange.v2.c3p0.impl.DefaultConnectionTester, debugUnreturnedConnectionStackTraces -> false, factoryClassLocation -> null, forceIgnoreUnresolvedTransactions -> false, identityToken -> 1b60bhz9d1io094s12zr2tt|45451333, idleConnectionTestPeriod -> 120, initialPoolSize -> 6, maxAdministrativeTaskTime -> 0, maxConnectionAge -> 0, maxIdleTime -> 120, maxIdleTimeExcessConnections -> 0, maxPoolSize -> 30, maxStatements -> 100, maxStatementsPerConnection -> 0, minPoolSize -> 6, nestedDataSource -> com.mchange.v2.c3p0.DriverManagerDataSource@85d48332 [ description -> null, driverClass -> null, factoryClassLocation -> null, identityToken -> 1b60bhz9d1io094s12zr2tt|434ee422, jdbcUrl -> jdbc:mysql://133.133.135.9:3306/beyondsphere, properties -> {user=******, password=******, characterEncoding=UTF-8} ], preferredTestQuery -> null, propertyCycle -> 0, statementCacheNumDeferredCloseThreads -> 0, testConnectionOnCheckin -> false, testConnectionOnCheckout -> false, unreturnedConnectionTimeout -> 0, usesTraditionalReflectiveProxies -> false; userOverrides: {} ], dataSourceName -> null, factoryClassLocation -> null, identityToken -> 1b60bhz9d1io094s12zr2tt|78e97d4d, numHelperThreads -> 3 ]
2015-12-21 22:51:15.541 INFO  [org.hibernate.dialect.Dialect] HHH000400: Using dialect: org.hibernate.dialect.MySQLInnoDBDialect
2015-12-21 22:51:15.548 INFO  [org.hibernate.engine.jdbc.internal.LobCreatorBuilder] HHH000424: Disabling contextual LOB creation as createClob() method threw error : java.lang.reflect.InvocationTargetException
2015-12-21 22:51:15.711 INFO  [org.hibernate.engine.transaction.internal.TransactionFactoryInitiator] HHH000399: Using default transaction strategy (direct JDBC transactions)
2015-12-21 22:51:15.716 INFO  [org.hibernate.hql.internal.ast.ASTQueryTranslatorFactory] HHH000397: Using ASTQueryTranslatorFactory
2015-12-21 22:51:16.069 INFO  [org.hibernate.cfg.Configuration] HHH000043: Configuring from resource: com/oncecloud/config/hibernate-performance.cfg.xml
2015-12-21 22:51:16.070 INFO  [org.hibernate.cfg.Configuration] HHH000040: Configuration resource: com/oncecloud/config/hibernate-performance.cfg.xml
2015-12-21 22:51:16.076 INFO  [org.hibernate.cfg.Configuration] HHH000221: Reading mappings from resource: com/oncecloud/config/performance/cpu.hbm.xml
2015-12-21 22:51:16.082 WARN  [org.hibernate.internal.util.xml.DTDEntityResolver] HHH000223: Recognized obsolete hibernate namespace http://hibernate.sourceforge.net/. Use namespace http://www.hibernate.org/dtd/ instead. Refer to Hibernate 3.6 Migration Guide!
2015-12-21 22:51:16.092 INFO  [org.hibernate.cfg.Configuration] HHH000221: Reading mappings from resource: com/oncecloud/config/performance/mem.hbm.xml
2015-12-21 22:51:16.095 WARN  [org.hibernate.internal.util.xml.DTDEntityResolver] HHH000223: Recognized obsolete hibernate namespace http://hibernate.sourceforge.net/. Use namespace http://www.hibernate.org/dtd/ instead. Refer to Hibernate 3.6 Migration Guide!
2015-12-21 22:51:16.104 INFO  [org.hibernate.cfg.Configuration] HHH000221: Reading mappings from resource: com/oncecloud/config/performance/pif.hbm.xml
2015-12-21 22:51:16.107 WARN  [org.hibernate.internal.util.xml.DTDEntityResolver] HHH000223: Recognized obsolete hibernate namespace http://hibernate.sourceforge.net/. Use namespace http://www.hibernate.org/dtd/ instead. Refer to Hibernate 3.6 Migration Guide!
2015-12-21 22:51:16.113 INFO  [org.hibernate.cfg.Configuration] HHH000221: Reading mappings from resource: com/oncecloud/config/performance/vbd.hbm.xml
2015-12-21 22:51:16.116 WARN  [org.hibernate.internal.util.xml.DTDEntityResolver] HHH000223: Recognized obsolete hibernate namespace http://hibernate.sourceforge.net/. Use namespace http://www.hibernate.org/dtd/ instead. Refer to Hibernate 3.6 Migration Guide!
2015-12-21 22:51:16.122 INFO  [org.hibernate.cfg.Configuration] HHH000221: Reading mappings from resource: com/oncecloud/config/performance/vif.hbm.xml
2015-12-21 22:51:16.126 WARN  [org.hibernate.internal.util.xml.DTDEntityResolver] HHH000223: Recognized obsolete hibernate namespace http://hibernate.sourceforge.net/. Use namespace http://www.hibernate.org/dtd/ instead. Refer to Hibernate 3.6 Migration Guide!
2015-12-21 22:51:16.132 INFO  [org.hibernate.cfg.Configuration] HHH000221: Reading mappings from resource: com/oncecloud/config/performance/cpu6h.hbm.xml
2015-12-21 22:51:16.135 WARN  [org.hibernate.internal.util.xml.DTDEntityResolver] HHH000223: Recognized obsolete hibernate namespace http://hibernate.sourceforge.net/. Use namespace http://www.hibernate.org/dtd/ instead. Refer to Hibernate 3.6 Migration Guide!
2015-12-21 22:51:16.141 INFO  [org.hibernate.cfg.Configuration] HHH000221: Reading mappings from resource: com/oncecloud/config/performance/cpu1d.hbm.xml
2015-12-21 22:51:16.143 WARN  [org.hibernate.internal.util.xml.DTDEntityResolver] HHH000223: Recognized obsolete hibernate namespace http://hibernate.sourceforge.net/. Use namespace http://www.hibernate.org/dtd/ instead. Refer to Hibernate 3.6 Migration Guide!
2015-12-21 22:51:16.148 INFO  [org.hibernate.cfg.Configuration] HHH000221: Reading mappings from resource: com/oncecloud/config/performance/cpu2w.hbm.xml
2015-12-21 22:51:16.151 WARN  [org.hibernate.internal.util.xml.DTDEntityResolver] HHH000223: Recognized obsolete hibernate namespace http://hibernate.sourceforge.net/. Use namespace http://www.hibernate.org/dtd/ instead. Refer to Hibernate 3.6 Migration Guide!
2015-12-21 22:51:16.156 INFO  [org.hibernate.cfg.Configuration] HHH000221: Reading mappings from resource: com/oncecloud/config/performance/cpu1m.hbm.xml
2015-12-21 22:51:16.159 WARN  [org.hibernate.internal.util.xml.DTDEntityResolver] HHH000223: Recognized obsolete hibernate namespace http://hibernate.sourceforge.net/. Use namespace http://www.hibernate.org/dtd/ instead. Refer to Hibernate 3.6 Migration Guide!
2015-12-21 22:51:16.165 INFO  [org.hibernate.cfg.Configuration] HHH000221: Reading mappings from resource: com/oncecloud/config/performance/mem6h.hbm.xml
2015-12-21 22:51:16.168 WARN  [org.hibernate.internal.util.xml.DTDEntityResolver] HHH000223: Recognized obsolete hibernate namespace http://hibernate.sourceforge.net/. Use namespace http://www.hibernate.org/dtd/ instead. Refer to Hibernate 3.6 Migration Guide!
2015-12-21 22:51:16.175 INFO  [org.hibernate.cfg.Configuration] HHH000221: Reading mappings from resource: com/oncecloud/config/performance/mem1d.hbm.xml
2015-12-21 22:51:16.177 WARN  [org.hibernate.internal.util.xml.DTDEntityResolver] HHH000223: Recognized obsolete hibernate namespace http://hibernate.sourceforge.net/. Use namespace http://www.hibernate.org/dtd/ instead. Refer to Hibernate 3.6 Migration Guide!
2015-12-21 22:51:16.184 INFO  [org.hibernate.cfg.Configuration] HHH000221: Reading mappings from resource: com/oncecloud/config/performance/mem2w.hbm.xml
2015-12-21 22:51:16.188 WARN  [org.hibernate.internal.util.xml.DTDEntityResolver] HHH000223: Recognized obsolete hibernate namespace http://hibernate.sourceforge.net/. Use namespace http://www.hibernate.org/dtd/ instead. Refer to Hibernate 3.6 Migration Guide!
2015-12-21 22:51:16.193 INFO  [org.hibernate.cfg.Configuration] HHH000221: Reading mappings from resource: com/oncecloud/config/performance/mem1m.hbm.xml
2015-12-21 22:51:16.196 WARN  [org.hibernate.internal.util.xml.DTDEntityResolver] HHH000223: Recognized obsolete hibernate namespace http://hibernate.sourceforge.net/. Use namespace http://www.hibernate.org/dtd/ instead. Refer to Hibernate 3.6 Migration Guide!
2015-12-21 22:51:16.202 INFO  [org.hibernate.cfg.Configuration] HHH000221: Reading mappings from resource: com/oncecloud/config/performance/vbd6h.hbm.xml
2015-12-21 22:51:16.205 WARN  [org.hibernate.internal.util.xml.DTDEntityResolver] HHH000223: Recognized obsolete hibernate namespace http://hibernate.sourceforge.net/. Use namespace http://www.hibernate.org/dtd/ instead. Refer to Hibernate 3.6 Migration Guide!
2015-12-21 22:51:16.210 INFO  [org.hibernate.cfg.Configuration] HHH000221: Reading mappings from resource: com/oncecloud/config/performance/vbd1d.hbm.xml
2015-12-21 22:51:16.214 WARN  [org.hibernate.internal.util.xml.DTDEntityResolver] HHH000223: Recognized obsolete hibernate namespace http://hibernate.sourceforge.net/. Use namespace http://www.hibernate.org/dtd/ instead. Refer to Hibernate 3.6 Migration Guide!
2015-12-21 22:51:16.219 INFO  [org.hibernate.cfg.Configuration] HHH000221: Reading mappings from resource: com/oncecloud/config/performance/vbd2w.hbm.xml
2015-12-21 22:51:16.222 WARN  [org.hibernate.internal.util.xml.DTDEntityResolver] HHH000223: Recognized obsolete hibernate namespace http://hibernate.sourceforge.net/. Use namespace http://www.hibernate.org/dtd/ instead. Refer to Hibernate 3.6 Migration Guide!
2015-12-21 22:51:16.228 INFO  [org.hibernate.cfg.Configuration] HHH000221: Reading mappings from resource: com/oncecloud/config/performance/vbd1m.hbm.xml
2015-12-21 22:51:16.230 WARN  [org.hibernate.internal.util.xml.DTDEntityResolver] HHH000223: Recognized obsolete hibernate namespace http://hibernate.sourceforge.net/. Use namespace http://www.hibernate.org/dtd/ instead. Refer to Hibernate 3.6 Migration Guide!
2015-12-21 22:51:16.236 INFO  [org.hibernate.cfg.Configuration] HHH000221: Reading mappings from resource: com/oncecloud/config/performance/vif6h.hbm.xml
2015-12-21 22:51:16.238 WARN  [org.hibernate.internal.util.xml.DTDEntityResolver] HHH000223: Recognized obsolete hibernate namespace http://hibernate.sourceforge.net/. Use namespace http://www.hibernate.org/dtd/ instead. Refer to Hibernate 3.6 Migration Guide!
2015-12-21 22:51:16.243 INFO  [org.hibernate.cfg.Configuration] HHH000221: Reading mappings from resource: com/oncecloud/config/performance/vif1d.hbm.xml
2015-12-21 22:51:16.246 WARN  [org.hibernate.internal.util.xml.DTDEntityResolver] HHH000223: Recognized obsolete hibernate namespace http://hibernate.sourceforge.net/. Use namespace http://www.hibernate.org/dtd/ instead. Refer to Hibernate 3.6 Migration Guide!
2015-12-21 22:51:16.251 INFO  [org.hibernate.cfg.Configuration] HHH000221: Reading mappings from resource: com/oncecloud/config/performance/vif2w.hbm.xml
2015-12-21 22:51:16.254 WARN  [org.hibernate.internal.util.xml.DTDEntityResolver] HHH000223: Recognized obsolete hibernate namespace http://hibernate.sourceforge.net/. Use namespace http://www.hibernate.org/dtd/ instead. Refer to Hibernate 3.6 Migration Guide!
2015-12-21 22:51:16.259 INFO  [org.hibernate.cfg.Configuration] HHH000221: Reading mappings from resource: com/oncecloud/config/performance/vif1m.hbm.xml
2015-12-21 22:51:16.262 WARN  [org.hibernate.internal.util.xml.DTDEntityResolver] HHH000223: Recognized obsolete hibernate namespace http://hibernate.sourceforge.net/. Use namespace http://www.hibernate.org/dtd/ instead. Refer to Hibernate 3.6 Migration Guide!
2015-12-21 22:51:16.267 INFO  [org.hibernate.cfg.Configuration] HHH000221: Reading mappings from resource: com/oncecloud/config/performance/pif6h.hbm.xml
2015-12-21 22:51:16.270 WARN  [org.hibernate.internal.util.xml.DTDEntityResolver] HHH000223: Recognized obsolete hibernate namespace http://hibernate.sourceforge.net/. Use namespace http://www.hibernate.org/dtd/ instead. Refer to Hibernate 3.6 Migration Guide!
2015-12-21 22:51:16.275 INFO  [org.hibernate.cfg.Configuration] HHH000221: Reading mappings from resource: com/oncecloud/config/performance/pif1d.hbm.xml
2015-12-21 22:51:16.279 WARN  [org.hibernate.internal.util.xml.DTDEntityResolver] HHH000223: Recognized obsolete hibernate namespace http://hibernate.sourceforge.net/. Use namespace http://www.hibernate.org/dtd/ instead. Refer to Hibernate 3.6 Migration Guide!
2015-12-21 22:51:16.285 INFO  [org.hibernate.cfg.Configuration] HHH000221: Reading mappings from resource: com/oncecloud/config/performance/pif2w.hbm.xml
2015-12-21 22:51:16.289 WARN  [org.hibernate.internal.util.xml.DTDEntityResolver] HHH000223: Recognized obsolete hibernate namespace http://hibernate.sourceforge.net/. Use namespace http://www.hibernate.org/dtd/ instead. Refer to Hibernate 3.6 Migration Guide!
2015-12-21 22:51:16.296 INFO  [org.hibernate.cfg.Configuration] HHH000221: Reading mappings from resource: com/oncecloud/config/performance/pif1m.hbm.xml
2015-12-21 22:51:16.301 WARN  [org.hibernate.internal.util.xml.DTDEntityResolver] HHH000223: Recognized obsolete hibernate namespace http://hibernate.sourceforge.net/. Use namespace http://www.hibernate.org/dtd/ instead. Refer to Hibernate 3.6 Migration Guide!
2015-12-21 22:51:16.308 INFO  [org.hibernate.cfg.Configuration] HHH000041: Configured SessionFactory: null
2015-12-21 22:51:16.312 INFO  [org.hibernate.engine.jdbc.connections.internal.ConnectionProviderInitiator] HHH000130: Instantiating explicit connection provider: org.hibernate.connection.C3P0ConnectionProvider
2015-12-21 22:51:16.313 INFO  [org.hibernate.c3p0.internal.C3P0ConnectionProvider] HHH010002: C3P0 using driver: com.mysql.jdbc.Driver at URL: jdbc:mysql://133.133.135.9:3306/bsperformance
2015-12-21 22:51:16.313 INFO  [org.hibernate.c3p0.internal.C3P0ConnectionProvider] HHH000046: Connection properties: {user=root, password=****, characterEncoding=utf-8}
2015-12-21 22:51:16.313 INFO  [org.hibernate.c3p0.internal.C3P0ConnectionProvider] HHH000006: Autocommit mode: false
2015-12-21 22:51:16.314 WARN  [org.hibernate.c3p0.internal.C3P0ConnectionProvider] HHH010001: Both hibernate-style property 'hibernate.c3p0.timeout' and c3p0-style property 'c3p0.maxIdleTime' have been set in Hibernate properties.  Hibernate-style property 'hibernate.c3p0.timeout' will be used and c3p0-style property 'c3p0.maxIdleTime' will be ignored!
2015-12-21 22:51:16.314 WARN  [org.hibernate.c3p0.internal.C3P0ConnectionProvider] HHH010001: Both hibernate-style property 'hibernate.c3p0.timeout' and c3p0-style property 'hibernate.c3p0.maxIdleTime' have been set in Hibernate properties.  Hibernate-style property 'hibernate.c3p0.timeout' will be used and c3p0-style property 'hibernate.c3p0.maxIdleTime' will be ignored!
2015-12-21 22:51:16.360 INFO  [com.mchange.v2.c3p0.impl.AbstractPoolBackedDataSource] Initializing c3p0 pool... com.mchange.v2.c3p0.PoolBackedDataSource@6683f17b [ connectionPoolDataSource -> com.mchange.v2.c3p0.WrapperConnectionPoolDataSource@b248c150 [ acquireIncrement -> 2, acquireRetryAttempts -> 30, acquireRetryDelay -> 1000, autoCommitOnClose -> false, automaticTestTable -> null, breakAfterAcquireFailure -> false, checkoutTimeout -> 0, connectionCustomizerClassName -> null, connectionTesterClassName -> com.mchange.v2.c3p0.impl.DefaultConnectionTester, debugUnreturnedConnectionStackTraces -> false, factoryClassLocation -> null, forceIgnoreUnresolvedTransactions -> false, identityToken -> 1b60bhz9d1io094s12zr2tt|68303c3e, idleConnectionTestPeriod -> 120, initialPoolSize -> 6, maxAdministrativeTaskTime -> 0, maxConnectionAge -> 0, maxIdleTime -> 120, maxIdleTimeExcessConnections -> 0, maxPoolSize -> 30, maxStatements -> 100, maxStatementsPerConnection -> 0, minPoolSize -> 6, nestedDataSource -> com.mchange.v2.c3p0.DriverManagerDataSource@5ffb7e13 [ description -> null, driverClass -> null, factoryClassLocation -> null, identityToken -> 1b60bhz9d1io094s12zr2tt|4d93e5bf, jdbcUrl -> jdbc:mysql://133.133.135.9:3306/bsperformance, properties -> {user=******, password=******, characterEncoding=utf-8} ], preferredTestQuery -> null, propertyCycle -> 0, statementCacheNumDeferredCloseThreads -> 0, testConnectionOnCheckin -> false, testConnectionOnCheckout -> false, unreturnedConnectionTimeout -> 0, usesTraditionalReflectiveProxies -> false; userOverrides: {} ], dataSourceName -> null, factoryClassLocation -> null, identityToken -> 1b60bhz9d1io094s12zr2tt|7c2e88b9, numHelperThreads -> 3 ]
2015-12-21 22:51:16.380 INFO  [org.hibernate.dialect.Dialect] HHH000400: Using dialect: org.hibernate.dialect.MySQLInnoDBDialect
2015-12-21 22:51:16.381 INFO  [org.hibernate.engine.jdbc.internal.LobCreatorBuilder] HHH000424: Disabling contextual LOB creation as createClob() method threw error : java.lang.reflect.InvocationTargetException
2015-12-21 22:51:16.410 WARN  [org.hibernate.mapping.RootClass] HHH000038: Composite-id class does not override equals(): com.oncecloud.entity.performance.Vif1m
2015-12-21 22:51:16.411 WARN  [org.hibernate.mapping.RootClass] HHH000039: Composite-id class does not override hashCode(): com.oncecloud.entity.performance.Vif1m
2015-12-21 22:51:16.412 WARN  [org.hibernate.mapping.RootClass] HHH000038: Composite-id class does not override equals(): com.oncecloud.entity.performance.Vbd6h
2015-12-21 22:51:16.413 WARN  [org.hibernate.mapping.RootClass] HHH000039: Composite-id class does not override hashCode(): com.oncecloud.entity.performance.Vbd6h
2015-12-21 22:51:16.415 WARN  [org.hibernate.mapping.RootClass] HHH000038: Composite-id class does not override equals(): com.oncecloud.entity.performance.Pif30min
2015-12-21 22:51:16.416 WARN  [org.hibernate.mapping.RootClass] HHH000039: Composite-id class does not override hashCode(): com.oncecloud.entity.performance.Pif30min
2015-12-21 22:51:16.418 WARN  [org.hibernate.mapping.RootClass] HHH000038: Composite-id class does not override equals(): com.oncecloud.entity.performance.Memory2w
2015-12-21 22:51:16.422 WARN  [org.hibernate.mapping.RootClass] HHH000039: Composite-id class does not override hashCode(): com.oncecloud.entity.performance.Memory2w
2015-12-21 22:51:16.424 WARN  [org.hibernate.mapping.RootClass] HHH000038: Composite-id class does not override equals(): com.oncecloud.entity.performance.Pif1d
2015-12-21 22:51:16.425 WARN  [org.hibernate.mapping.RootClass] HHH000039: Composite-id class does not override hashCode(): com.oncecloud.entity.performance.Pif1d
2015-12-21 22:51:16.426 WARN  [org.hibernate.mapping.RootClass] HHH000038: Composite-id class does not override equals(): com.oncecloud.entity.performance.Vif1d
2015-12-21 22:51:16.427 WARN  [org.hibernate.mapping.RootClass] HHH000039: Composite-id class does not override hashCode(): com.oncecloud.entity.performance.Vif1d
2015-12-21 22:51:16.428 WARN  [org.hibernate.mapping.RootClass] HHH000038: Composite-id class does not override equals(): com.oncecloud.entity.performance.Pif2w
2015-12-21 22:51:16.428 WARN  [org.hibernate.mapping.RootClass] HHH000039: Composite-id class does not override hashCode(): com.oncecloud.entity.performance.Pif2w
2015-12-21 22:51:16.429 WARN  [org.hibernate.mapping.RootClass] HHH000038: Composite-id class does not override equals(): com.oncecloud.entity.performance.Cpu30min
2015-12-21 22:51:16.430 WARN  [org.hibernate.mapping.RootClass] HHH000039: Composite-id class does not override hashCode(): com.oncecloud.entity.performance.Cpu30min
2015-12-21 22:51:16.431 WARN  [org.hibernate.mapping.RootClass] HHH000038: Composite-id class does not override equals(): com.oncecloud.entity.performance.Cpu2w
2015-12-21 22:51:16.432 WARN  [org.hibernate.mapping.RootClass] HHH000039: Composite-id class does not override hashCode(): com.oncecloud.entity.performance.Cpu2w
2015-12-21 22:51:16.432 WARN  [org.hibernate.mapping.RootClass] HHH000038: Composite-id class does not override equals(): com.oncecloud.entity.performance.Memory1m
2015-12-21 22:51:16.433 WARN  [org.hibernate.mapping.RootClass] HHH000039: Composite-id class does not override hashCode(): com.oncecloud.entity.performance.Memory1m
2015-12-21 22:51:16.436 WARN  [org.hibernate.mapping.RootClass] HHH000038: Composite-id class does not override equals(): com.oncecloud.entity.performance.Vbd2w
2015-12-21 22:51:16.436 WARN  [org.hibernate.mapping.RootClass] HHH000039: Composite-id class does not override hashCode(): com.oncecloud.entity.performance.Vbd2w
2015-12-21 22:51:16.437 WARN  [org.hibernate.mapping.RootClass] HHH000038: Composite-id class does not override equals(): com.oncecloud.entity.performance.Vif30min
2015-12-21 22:51:16.438 WARN  [org.hibernate.mapping.RootClass] HHH000039: Composite-id class does not override hashCode(): com.oncecloud.entity.performance.Vif30min
2015-12-21 22:51:16.439 WARN  [org.hibernate.mapping.RootClass] HHH000038: Composite-id class does not override equals(): com.oncecloud.entity.performance.Memory1d
2015-12-21 22:51:16.440 WARN  [org.hibernate.mapping.RootClass] HHH000039: Composite-id class does not override hashCode(): com.oncecloud.entity.performance.Memory1d
2015-12-21 22:51:16.440 WARN  [org.hibernate.mapping.RootClass] HHH000038: Composite-id class does not override equals(): com.oncecloud.entity.performance.Cpu1d
2015-12-21 22:51:16.441 WARN  [org.hibernate.mapping.RootClass] HHH000039: Composite-id class does not override hashCode(): com.oncecloud.entity.performance.Cpu1d
2015-12-21 22:51:16.442 WARN  [org.hibernate.mapping.RootClass] HHH000038: Composite-id class does not override equals(): com.oncecloud.entity.performance.Vbd30min
2015-12-21 22:51:16.442 WARN  [org.hibernate.mapping.RootClass] HHH000039: Composite-id class does not override hashCode(): com.oncecloud.entity.performance.Vbd30min
2015-12-21 22:51:16.443 WARN  [org.hibernate.mapping.RootClass] HHH000038: Composite-id class does not override equals(): com.oncecloud.entity.performance.Vbd1d
2015-12-21 22:51:16.443 WARN  [org.hibernate.mapping.RootClass] HHH000039: Composite-id class does not override hashCode(): com.oncecloud.entity.performance.Vbd1d
2015-12-21 22:51:16.444 WARN  [org.hibernate.mapping.RootClass] HHH000038: Composite-id class does not override equals(): com.oncecloud.entity.performance.Pif6h
2015-12-21 22:51:16.445 WARN  [org.hibernate.mapping.RootClass] HHH000039: Composite-id class does not override hashCode(): com.oncecloud.entity.performance.Pif6h
2015-12-21 22:51:16.446 WARN  [org.hibernate.mapping.RootClass] HHH000038: Composite-id class does not override equals(): com.oncecloud.entity.performance.Cpu1m
2015-12-21 22:51:16.446 WARN  [org.hibernate.mapping.RootClass] HHH000039: Composite-id class does not override hashCode(): com.oncecloud.entity.performance.Cpu1m
2015-12-21 22:51:16.447 WARN  [org.hibernate.mapping.RootClass] HHH000038: Composite-id class does not override equals(): com.oncecloud.entity.performance.Vif6h
2015-12-21 22:51:16.448 WARN  [org.hibernate.mapping.RootClass] HHH000039: Composite-id class does not override hashCode(): com.oncecloud.entity.performance.Vif6h
2015-12-21 22:51:16.449 WARN  [org.hibernate.mapping.RootClass] HHH000038: Composite-id class does not override equals(): com.oncecloud.entity.performance.Memory30min
2015-12-21 22:51:16.450 WARN  [org.hibernate.mapping.RootClass] HHH000039: Composite-id class does not override hashCode(): com.oncecloud.entity.performance.Memory30min
2015-12-21 22:51:16.450 WARN  [org.hibernate.mapping.RootClass] HHH000038: Composite-id class does not override equals(): com.oncecloud.entity.performance.Vbd1m
2015-12-21 22:51:16.451 WARN  [org.hibernate.mapping.RootClass] HHH000039: Composite-id class does not override hashCode(): com.oncecloud.entity.performance.Vbd1m
2015-12-21 22:51:16.452 WARN  [org.hibernate.mapping.RootClass] HHH000038: Composite-id class does not override equals(): com.oncecloud.entity.performance.Memory6h
2015-12-21 22:51:16.452 WARN  [org.hibernate.mapping.RootClass] HHH000039: Composite-id class does not override hashCode(): com.oncecloud.entity.performance.Memory6h
2015-12-21 22:51:16.453 WARN  [org.hibernate.mapping.RootClass] HHH000038: Composite-id class does not override equals(): com.oncecloud.entity.performance.Vif2w
2015-12-21 22:51:16.454 WARN  [org.hibernate.mapping.RootClass] HHH000039: Composite-id class does not override hashCode(): com.oncecloud.entity.performance.Vif2w
2015-12-21 22:51:16.454 WARN  [org.hibernate.mapping.RootClass] HHH000038: Composite-id class does not override equals(): com.oncecloud.entity.performance.Cpu6h
2015-12-21 22:51:16.455 WARN  [org.hibernate.mapping.RootClass] HHH000039: Composite-id class does not override hashCode(): com.oncecloud.entity.performance.Cpu6h
2015-12-21 22:51:16.455 WARN  [org.hibernate.mapping.RootClass] HHH000038: Composite-id class does not override equals(): com.oncecloud.entity.performance.Pif1m
2015-12-21 22:51:16.456 WARN  [org.hibernate.mapping.RootClass] HHH000039: Composite-id class does not override hashCode(): com.oncecloud.entity.performance.Pif1m
2015-12-21 22:51:16.459 INFO  [org.hibernate.engine.transaction.internal.TransactionFactoryInitiator] HHH000399: Using default transaction strategy (direct JDBC transactions)
2015-12-21 22:51:16.460 INFO  [org.hibernate.hql.internal.ast.ASTQueryTranslatorFactory] HHH000397: Using ASTQueryTranslatorFactory
2015-12-21 22:51:16.513 INFO  [org.hibernate.tool.hbm2ddl.SchemaUpdate] HHH000228: Running hbm2ddl schema update
2015-12-21 22:51:16.513 INFO  [org.hibernate.tool.hbm2ddl.SchemaUpdate] HHH000102: Fetching database metadata
2015-12-21 22:51:16.519 INFO  [org.hibernate.tool.hbm2ddl.SchemaUpdate] HHH000396: Updating schema
2015-12-21 22:51:16.540 INFO  [org.hibernate.tool.hbm2ddl.TableMetadata] HHH000261: Table found: bsperformance.cpu_1d
2015-12-21 22:51:16.540 INFO  [org.hibernate.tool.hbm2ddl.TableMetadata] HHH000037: Columns: [cpu_id, t, usage, id]
2015-12-21 22:51:16.541 INFO  [org.hibernate.tool.hbm2ddl.TableMetadata] HHH000108: Foreign keys: []
2015-12-21 22:51:16.541 INFO  [org.hibernate.tool.hbm2ddl.TableMetadata] HHH000126: Indexes: [primary]
2015-12-21 22:51:16.550 INFO  [org.hibernate.tool.hbm2ddl.TableMetadata] HHH000261: Table found: bsperformance.cpu_1m
2015-12-21 22:51:16.551 INFO  [org.hibernate.tool.hbm2ddl.TableMetadata] HHH000037: Columns: [cpu_id, t, usage, id]
2015-12-21 22:51:16.551 INFO  [org.hibernate.tool.hbm2ddl.TableMetadata] HHH000108: Foreign keys: []
2015-12-21 22:51:16.552 INFO  [org.hibernate.tool.hbm2ddl.TableMetadata] HHH000126: Indexes: [primary]
2015-12-21 22:51:16.565 INFO  [org.hibernate.tool.hbm2ddl.TableMetadata] HHH000261: Table found: bsperformance.cpu_2w
2015-12-21 22:51:16.566 INFO  [org.hibernate.tool.hbm2ddl.TableMetadata] HHH000037: Columns: [cpu_id, t, usage, id]
2015-12-21 22:51:16.566 INFO  [org.hibernate.tool.hbm2ddl.TableMetadata] HHH000108: Foreign keys: []
2015-12-21 22:51:16.567 INFO  [org.hibernate.tool.hbm2ddl.TableMetadata] HHH000126: Indexes: [primary]
2015-12-21 22:51:16.578 INFO  [org.hibernate.tool.hbm2ddl.TableMetadata] HHH000261: Table found: bsperformance.cpu_30min
2015-12-21 22:51:16.578 INFO  [org.hibernate.tool.hbm2ddl.TableMetadata] HHH000037: Columns: [cpu_id, t, usage, id]
2015-12-21 22:51:16.578 INFO  [org.hibernate.tool.hbm2ddl.TableMetadata] HHH000108: Foreign keys: []
2015-12-21 22:51:16.579 INFO  [org.hibernate.tool.hbm2ddl.TableMetadata] HHH000126: Indexes: [primary]
2015-12-21 22:51:16.587 INFO  [org.hibernate.tool.hbm2ddl.TableMetadata] HHH000261: Table found: bsperformance.cpu_6h
2015-12-21 22:51:16.588 INFO  [org.hibernate.tool.hbm2ddl.TableMetadata] HHH000037: Columns: [cpu_id, t, usage, id]
2015-12-21 22:51:16.588 INFO  [org.hibernate.tool.hbm2ddl.TableMetadata] HHH000108: Foreign keys: []
2015-12-21 22:51:16.588 INFO  [org.hibernate.tool.hbm2ddl.TableMetadata] HHH000126: Indexes: [primary]
2015-12-21 22:51:16.594 INFO  [org.hibernate.tool.hbm2ddl.TableMetadata] HHH000261: Table found: bsperformance.mem_1d
2015-12-21 22:51:16.595 INFO  [org.hibernate.tool.hbm2ddl.TableMetadata] HHH000037: Columns: [total, t, id, free]
2015-12-21 22:51:16.595 INFO  [org.hibernate.tool.hbm2ddl.TableMetadata] HHH000108: Foreign keys: []
2015-12-21 22:51:16.596 INFO  [org.hibernate.tool.hbm2ddl.TableMetadata] HHH000126: Indexes: [primary]
2015-12-21 22:51:16.601 INFO  [org.hibernate.tool.hbm2ddl.TableMetadata] HHH000261: Table found: bsperformance.mem_1m
2015-12-21 22:51:16.602 INFO  [org.hibernate.tool.hbm2ddl.TableMetadata] HHH000037: Columns: [total, t, id, free]
2015-12-21 22:51:16.602 INFO  [org.hibernate.tool.hbm2ddl.TableMetadata] HHH000108: Foreign keys: []
2015-12-21 22:51:16.603 INFO  [org.hibernate.tool.hbm2ddl.TableMetadata] HHH000126: Indexes: [primary]
2015-12-21 22:51:16.608 INFO  [org.hibernate.tool.hbm2ddl.TableMetadata] HHH000261: Table found: bsperformance.mem_2w
2015-12-21 22:51:16.609 INFO  [org.hibernate.tool.hbm2ddl.TableMetadata] HHH000037: Columns: [total, t, id, free]
2015-12-21 22:51:16.609 INFO  [org.hibernate.tool.hbm2ddl.TableMetadata] HHH000108: Foreign keys: []
2015-12-21 22:51:16.609 INFO  [org.hibernate.tool.hbm2ddl.TableMetadata] HHH000126: Indexes: [primary]
2015-12-21 22:51:16.616 INFO  [org.hibernate.tool.hbm2ddl.TableMetadata] HHH000261: Table found: bsperformance.mem_30min
2015-12-21 22:51:16.616 INFO  [org.hibernate.tool.hbm2ddl.TableMetadata] HHH000037: Columns: [total, t, id, free]
2015-12-21 22:51:16.616 INFO  [org.hibernate.tool.hbm2ddl.TableMetadata] HHH000108: Foreign keys: []
2015-12-21 22:51:16.617 INFO  [org.hibernate.tool.hbm2ddl.TableMetadata] HHH000126: Indexes: [primary]
2015-12-21 22:51:16.624 INFO  [org.hibernate.tool.hbm2ddl.TableMetadata] HHH000261: Table found: bsperformance.mem_6h
2015-12-21 22:51:16.624 INFO  [org.hibernate.tool.hbm2ddl.TableMetadata] HHH000037: Columns: [total, t, id, free]
2015-12-21 22:51:16.624 INFO  [org.hibernate.tool.hbm2ddl.TableMetadata] HHH000108: Foreign keys: []
2015-12-21 22:51:16.625 INFO  [org.hibernate.tool.hbm2ddl.TableMetadata] HHH000126: Indexes: [primary]
2015-12-21 22:51:16.630 INFO  [org.hibernate.tool.hbm2ddl.TableMetadata] HHH000261: Table found: bsperformance.pif_1d
2015-12-21 22:51:16.631 INFO  [org.hibernate.tool.hbm2ddl.TableMetadata] HHH000037: Columns: [txd, t, id, pif_id, rxd]
2015-12-21 22:51:16.631 INFO  [org.hibernate.tool.hbm2ddl.TableMetadata] HHH000108: Foreign keys: []
2015-12-21 22:51:16.631 INFO  [org.hibernate.tool.hbm2ddl.TableMetadata] HHH000126: Indexes: [primary]
2015-12-21 22:51:16.638 INFO  [org.hibernate.tool.hbm2ddl.TableMetadata] HHH000261: Table found: bsperformance.pif_1m
2015-12-21 22:51:16.638 INFO  [org.hibernate.tool.hbm2ddl.TableMetadata] HHH000037: Columns: [txd, t, id, pif_id, rxd]
2015-12-21 22:51:16.638 INFO  [org.hibernate.tool.hbm2ddl.TableMetadata] HHH000108: Foreign keys: []
2015-12-21 22:51:16.639 INFO  [org.hibernate.tool.hbm2ddl.TableMetadata] HHH000126: Indexes: [primary]
2015-12-21 22:51:16.645 INFO  [org.hibernate.tool.hbm2ddl.TableMetadata] HHH000261: Table found: bsperformance.pif_2w
2015-12-21 22:51:16.645 INFO  [org.hibernate.tool.hbm2ddl.TableMetadata] HHH000037: Columns: [txd, t, id, pif_id, rxd]
2015-12-21 22:51:16.646 INFO  [org.hibernate.tool.hbm2ddl.TableMetadata] HHH000108: Foreign keys: []
2015-12-21 22:51:16.646 INFO  [org.hibernate.tool.hbm2ddl.TableMetadata] HHH000126: Indexes: [primary]
2015-12-21 22:51:16.652 INFO  [org.hibernate.tool.hbm2ddl.TableMetadata] HHH000261: Table found: bsperformance.pif_30min
2015-12-21 22:51:16.653 INFO  [org.hibernate.tool.hbm2ddl.TableMetadata] HHH000037: Columns: [txd, t, id, pif_id, rxd]
2015-12-21 22:51:16.653 INFO  [org.hibernate.tool.hbm2ddl.TableMetadata] HHH000108: Foreign keys: []
2015-12-21 22:51:16.653 INFO  [org.hibernate.tool.hbm2ddl.TableMetadata] HHH000126: Indexes: [primary]
2015-12-21 22:51:16.659 INFO  [org.hibernate.tool.hbm2ddl.TableMetadata] HHH000261: Table found: bsperformance.pif_6h
2015-12-21 22:51:16.660 INFO  [org.hibernate.tool.hbm2ddl.TableMetadata] HHH000037: Columns: [txd, t, id, pif_id, rxd]
2015-12-21 22:51:16.660 INFO  [org.hibernate.tool.hbm2ddl.TableMetadata] HHH000108: Foreign keys: []
2015-12-21 22:51:16.660 INFO  [org.hibernate.tool.hbm2ddl.TableMetadata] HHH000126: Indexes: [primary]
2015-12-21 22:51:16.667 INFO  [org.hibernate.tool.hbm2ddl.TableMetadata] HHH000261: Table found: bsperformance.vbd_1d
2015-12-21 22:51:16.667 INFO  [org.hibernate.tool.hbm2ddl.TableMetadata] HHH000037: Columns: [read, t, id, vbd_id, write]
2015-12-21 22:51:16.668 INFO  [org.hibernate.tool.hbm2ddl.TableMetadata] HHH000108: Foreign keys: []
2015-12-21 22:51:16.668 INFO  [org.hibernate.tool.hbm2ddl.TableMetadata] HHH000126: Indexes: [primary]
2015-12-21 22:51:16.675 INFO  [org.hibernate.tool.hbm2ddl.TableMetadata] HHH000261: Table found: bsperformance.vbd_1m
2015-12-21 22:51:16.676 INFO  [org.hibernate.tool.hbm2ddl.TableMetadata] HHH000037: Columns: [read, t, id, vbd_id, write]
2015-12-21 22:51:16.676 INFO  [org.hibernate.tool.hbm2ddl.TableMetadata] HHH000108: Foreign keys: []
2015-12-21 22:51:16.676 INFO  [org.hibernate.tool.hbm2ddl.TableMetadata] HHH000126: Indexes: [primary]
2015-12-21 22:51:16.684 INFO  [org.hibernate.tool.hbm2ddl.TableMetadata] HHH000261: Table found: bsperformance.vbd_2w
2015-12-21 22:51:16.685 INFO  [org.hibernate.tool.hbm2ddl.TableMetadata] HHH000037: Columns: [read, t, id, vbd_id, write]
2015-12-21 22:51:16.685 INFO  [org.hibernate.tool.hbm2ddl.TableMetadata] HHH000108: Foreign keys: []
2015-12-21 22:51:16.685 INFO  [org.hibernate.tool.hbm2ddl.TableMetadata] HHH000126: Indexes: [primary]
2015-12-21 22:51:16.693 INFO  [org.hibernate.tool.hbm2ddl.TableMetadata] HHH000261: Table found: bsperformance.vbd_30min
2015-12-21 22:51:16.693 INFO  [org.hibernate.tool.hbm2ddl.TableMetadata] HHH000037: Columns: [read, t, id, vbd_id, write]
2015-12-21 22:51:16.694 INFO  [org.hibernate.tool.hbm2ddl.TableMetadata] HHH000108: Foreign keys: []
2015-12-21 22:51:16.694 INFO  [org.hibernate.tool.hbm2ddl.TableMetadata] HHH000126: Indexes: [primary]
2015-12-21 22:51:16.701 INFO  [org.hibernate.tool.hbm2ddl.TableMetadata] HHH000261: Table found: bsperformance.vbd_6h
2015-12-21 22:51:16.701 INFO  [org.hibernate.tool.hbm2ddl.TableMetadata] HHH000037: Columns: [read, t, id, vbd_id, write]
2015-12-21 22:51:16.702 INFO  [org.hibernate.tool.hbm2ddl.TableMetadata] HHH000108: Foreign keys: []
2015-12-21 22:51:16.702 INFO  [org.hibernate.tool.hbm2ddl.TableMetadata] HHH000126: Indexes: [primary]
2015-12-21 22:51:16.708 INFO  [org.hibernate.tool.hbm2ddl.TableMetadata] HHH000261: Table found: bsperformance.vif_1d
2015-12-21 22:51:16.708 INFO  [org.hibernate.tool.hbm2ddl.TableMetadata] HHH000037: Columns: [txd, t, vif_id, id, rxd]
2015-12-21 22:51:16.708 INFO  [org.hibernate.tool.hbm2ddl.TableMetadata] HHH000108: Foreign keys: []
2015-12-21 22:51:16.709 INFO  [org.hibernate.tool.hbm2ddl.TableMetadata] HHH000126: Indexes: [primary]
2015-12-21 22:51:16.714 INFO  [org.hibernate.tool.hbm2ddl.TableMetadata] HHH000261: Table found: bsperformance.vif_1m
2015-12-21 22:51:16.715 INFO  [org.hibernate.tool.hbm2ddl.TableMetadata] HHH000037: Columns: [txd, t, vif_id, id, rxd]
2015-12-21 22:51:16.715 INFO  [org.hibernate.tool.hbm2ddl.TableMetadata] HHH000108: Foreign keys: []
2015-12-21 22:51:16.715 INFO  [org.hibernate.tool.hbm2ddl.TableMetadata] HHH000126: Indexes: [primary]
2015-12-21 22:51:16.722 INFO  [org.hibernate.tool.hbm2ddl.TableMetadata] HHH000261: Table found: bsperformance.vif_2w
2015-12-21 22:51:16.722 INFO  [org.hibernate.tool.hbm2ddl.TableMetadata] HHH000037: Columns: [txd, t, vif_id, id, rxd]
2015-12-21 22:51:16.722 INFO  [org.hibernate.tool.hbm2ddl.TableMetadata] HHH000108: Foreign keys: []
2015-12-21 22:51:16.723 INFO  [org.hibernate.tool.hbm2ddl.TableMetadata] HHH000126: Indexes: [primary]
2015-12-21 22:51:16.728 INFO  [org.hibernate.tool.hbm2ddl.TableMetadata] HHH000261: Table found: bsperformance.vif_30min
2015-12-21 22:51:16.729 INFO  [org.hibernate.tool.hbm2ddl.TableMetadata] HHH000037: Columns: [txd, t, vif_id, id, rxd]
2015-12-21 22:51:16.729 INFO  [org.hibernate.tool.hbm2ddl.TableMetadata] HHH000108: Foreign keys: []
2015-12-21 22:51:16.729 INFO  [org.hibernate.tool.hbm2ddl.TableMetadata] HHH000126: Indexes: [primary]
2015-12-21 22:51:16.735 INFO  [org.hibernate.tool.hbm2ddl.TableMetadata] HHH000261: Table found: bsperformance.vif_6h
2015-12-21 22:51:16.735 INFO  [org.hibernate.tool.hbm2ddl.TableMetadata] HHH000037: Columns: [txd, t, vif_id, id, rxd]
2015-12-21 22:51:16.736 INFO  [org.hibernate.tool.hbm2ddl.TableMetadata] HHH000108: Foreign keys: []
2015-12-21 22:51:16.736 INFO  [org.hibernate.tool.hbm2ddl.TableMetadata] HHH000126: Indexes: [primary]
2015-12-21 22:51:16.736 INFO  [org.hibernate.tool.hbm2ddl.SchemaUpdate] HHH000232: Schema update complete
2015-12-21 22:51:16.738 INFO  [org.hibernate.cfg.Configuration] HHH000043: Configuring from resource: com/oncecloud/config/hibernate-platform.cfg.xml
2015-12-21 22:51:16.738 INFO  [org.hibernate.cfg.Configuration] HHH000040: Configuration resource: com/oncecloud/config/hibernate-platform.cfg.xml
2015-12-21 22:51:16.743 INFO  [org.hibernate.cfg.Configuration] HHH000041: Configured SessionFactory: null
2015-12-21 22:51:16.745 INFO  [org.hibernate.engine.jdbc.connections.internal.ConnectionProviderInitiator] HHH000130: Instantiating explicit connection provider: org.hibernate.connection.C3P0ConnectionProvider
2015-12-21 22:51:16.746 INFO  [org.hibernate.c3p0.internal.C3P0ConnectionProvider] HHH010002: C3P0 using driver: com.mysql.jdbc.Driver at URL: jdbc:mysql://133.133.135.9:3306/platform_test
2015-12-21 22:51:16.747 INFO  [org.hibernate.c3p0.internal.C3P0ConnectionProvider] HHH000046: Connection properties: {user=root, password=****, characterEncoding=UTF-8}
2015-12-21 22:51:16.747 INFO  [org.hibernate.c3p0.internal.C3P0ConnectionProvider] HHH000006: Autocommit mode: false
2015-12-21 22:51:16.747 WARN  [org.hibernate.c3p0.internal.C3P0ConnectionProvider] HHH010001: Both hibernate-style property 'hibernate.c3p0.timeout' and c3p0-style property 'c3p0.maxIdleTime' have been set in Hibernate properties.  Hibernate-style property 'hibernate.c3p0.timeout' will be used and c3p0-style property 'c3p0.maxIdleTime' will be ignored!
2015-12-21 22:51:16.747 WARN  [org.hibernate.c3p0.internal.C3P0ConnectionProvider] HHH010001: Both hibernate-style property 'hibernate.c3p0.timeout' and c3p0-style property 'hibernate.c3p0.maxIdleTime' have been set in Hibernate properties.  Hibernate-style property 'hibernate.c3p0.timeout' will be used and c3p0-style property 'hibernate.c3p0.maxIdleTime' will be ignored!
2015-12-21 22:51:16.790 INFO  [com.mchange.v2.c3p0.impl.AbstractPoolBackedDataSource] Initializing c3p0 pool... com.mchange.v2.c3p0.PoolBackedDataSource@784ebf83 [ connectionPoolDataSource -> com.mchange.v2.c3p0.WrapperConnectionPoolDataSource@31982977 [ acquireIncrement -> 2, acquireRetryAttempts -> 30, acquireRetryDelay -> 1000, autoCommitOnClose -> false, automaticTestTable -> null, breakAfterAcquireFailure -> false, checkoutTimeout -> 0, connectionCustomizerClassName -> null, connectionTesterClassName -> com.mchange.v2.c3p0.impl.DefaultConnectionTester, debugUnreturnedConnectionStackTraces -> false, factoryClassLocation -> null, forceIgnoreUnresolvedTransactions -> false, identityToken -> 1b60bhz9d1io094s12zr2tt|6a6a3fc4, idleConnectionTestPeriod -> 120, initialPoolSize -> 6, maxAdministrativeTaskTime -> 0, maxConnectionAge -> 0, maxIdleTime -> 120, maxIdleTimeExcessConnections -> 0, maxPoolSize -> 30, maxStatements -> 100, maxStatementsPerConnection -> 0, minPoolSize -> 6, nestedDataSource -> com.mchange.v2.c3p0.DriverManagerDataSource@6560024c [ description -> null, driverClass -> null, factoryClassLocation -> null, identityToken -> 1b60bhz9d1io094s12zr2tt|5b72b13a, jdbcUrl -> jdbc:mysql://133.133.135.9:3306/platform_test, properties -> {user=******, password=******, characterEncoding=UTF-8} ], preferredTestQuery -> null, propertyCycle -> 0, statementCacheNumDeferredCloseThreads -> 0, testConnectionOnCheckin -> false, testConnectionOnCheckout -> false, unreturnedConnectionTimeout -> 0, usesTraditionalReflectiveProxies -> false; userOverrides: {} ], dataSourceName -> null, factoryClassLocation -> null, identityToken -> 1b60bhz9d1io094s12zr2tt|67e628b, numHelperThreads -> 3 ]
2015-12-21 22:51:16.809 INFO  [org.hibernate.dialect.Dialect] HHH000400: Using dialect: org.hibernate.dialect.MySQLInnoDBDialect
2015-12-21 22:51:16.811 INFO  [org.hibernate.engine.jdbc.internal.LobCreatorBuilder] HHH000424: Disabling contextual LOB creation as createClob() method threw error : java.lang.reflect.InvocationTargetException
2015-12-21 22:51:16.829 INFO  [org.hibernate.engine.transaction.internal.TransactionFactoryInitiator] HHH000399: Using default transaction strategy (direct JDBC transactions)
2015-12-21 22:51:16.830 INFO  [org.hibernate.hql.internal.ast.ASTQueryTranslatorFactory] HHH000397: Using ASTQueryTranslatorFactory
